E:\XENEVA PROJECT\XENEVA\AURORA\PRIWM\X64\DEBUG\LIST.OBJ
E:\XENEVA PROJECT\XENEVA\AURORA\PRIWM\X64\DEBUG\PRIWM.OBJ
E:\XENEVA PROJECT\XENEVA\AURORA\PRIWM\X64\DEBUG\PRI_DIRTY_CLIP.OBJ
E:\XENEVA PROJECT\XENEVA\AURORA\PRIWM\X64\DEBUG\PRI_EVENT.OBJ
E:\XENEVA PROJECT\XENEVA\AURORA\PRIWM\X64\DEBUG\VC110.PDB
D:\PRIWM.EXE
D:\PRIWM.MAP
E:\Xeneva Project\Xeneva\Aurora\x64\Debug\PriWM.lib
E:\Xeneva Project\Xeneva\Aurora\x64\Debug\PriWM.exp
E:\Xeneva Project\Xeneva\Aurora\PriWM\x64\Debug\list.obj
E:\Xeneva Project\Xeneva\Aurora\PriWM\x64\Debug\priwm.obj
E:\Xeneva Project\Xeneva\Aurora\PriWM\x64\Debug\pri_dirty_clip.obj
E:\Xeneva Project\Xeneva\Aurora\PriWM\x64\Debug\pri_event.obj
E:\Xeneva Project\Xeneva\Aurora\PriWM\x64\Debug\cl.command.1.tlog
E:\Xeneva Project\Xeneva\Aurora\PriWM\x64\Debug\CL.read.1.tlog
E:\Xeneva Project\Xeneva\Aurora\PriWM\x64\Debug\CL.write.1.tlog
E:\Xeneva Project\Xeneva\Aurora\PriWM\x64\Debug\link.command.1.tlog
E:\Xeneva Project\Xeneva\Aurora\PriWM\x64\Debug\link.read.1.tlog
E:\Xeneva Project\Xeneva\Aurora\PriWM\x64\Debug\link.write.1.tlog
E:\Xeneva Project\Xeneva\Aurora\PriWM\x64\Debug\PriWM.write.1.tlog
E:\Xeneva Project\Xeneva\Aurora\PriWM\x64\Debug\vc110.idb
E:\Xeneva Project\Xeneva\Aurora\PriWM\x64\Debug\vc110.pdb
