Build started 08-06-2022 ৰাতিপু 12:24:29.
     1>Project "E:\Xeneva Project\Xeneva\Aurora\PriWM\PriWM.vcxproj" on node 2 (Rebuild target(s)).
     1>ClCompile:
         C:\Program Files (x86)\Microsoft Visual Studio 11.0\VC\bin\x86_amd64\CL.exe /c /I"E:\Xeneva Project\Xeneva\xnlib\xnclib" /I"E:\Xeneva Project\Xeneva\xnlib\xnacrylic\include" /I"E:\Xeneva Project\Xeneva\Libraries\XeWidgets\includes" /Zi /nologo /W3 /WX- /sdl- /Od /D ARCH_X64 /D _MBCS /X /Gm /GS- /arch:SSE2 /fp:precise /Zc:wchar_t /Zc:forScope /GR- /Fo"x64\Debug\\" /Fd"x64\Debug\vc110.pdb" /Gd /TP /errorReport:prompt list.cpp priwm.cpp pri_dirty_clip.cpp pri_event.cpp pri_wallp_dirty_clip.cpp
     1>cl : Command line warning D9025: overriding '/sdl-' with '/GS-'
     1>cl : Command line warning D9002: ignoring unknown option '/arch:SSE2'
         pri_wallp_dirty_clip.cpp
         pri_event.cpp
         pri_dirty_clip.cpp
     1>pri_dirty_clip.cpp(59): warning C4018: '<' : signed/unsigned mismatch
         priwm.cpp
     1>priwm.cpp(156): warning C4018: '<' : signed/unsigned mismatch
     1>priwm.cpp(199): warning C4018: '<' : signed/unsigned mismatch
     1>priwm.cpp(219): warning C4018: '<' : signed/unsigned mismatch
     1>priwm.cpp(239): warning C4018: '<' : signed/unsigned mismatch
     1>priwm.cpp(267): warning C4018: '<' : signed/unsigned mismatch
     1>priwm.cpp(410): warning C4018: '<' : signed/unsigned mismatch
     1>priwm.cpp(464): warning C4018: '<' : signed/unsigned mismatch
     1>priwm.cpp(465): warning C4018: '<' : signed/unsigned mismatch
     1>priwm.cpp(478): warning C4018: '<' : signed/unsigned mismatch
     1>priwm.cpp(479): warning C4018: '<' : signed/unsigned mismatch
     1>priwm.cpp(592): warning C4244: '=' : conversion from 'uint16_t' to 'uint8_t', possible loss of data
     1>priwm.cpp(603): warning C4018: '<' : signed/unsigned mismatch
     1>priwm.cpp(653): warning C4018: '<' : signed/unsigned mismatch
     1>priwm.cpp(671): warning C4018: '<' : signed/unsigned mismatch
     1>priwm.cpp(686): warning C4018: '<' : signed/unsigned mismatch
     1>priwm.cpp(747): warning C4018: '>=' : signed/unsigned mismatch
     1>priwm.cpp(750): warning C4018: '>=' : signed/unsigned mismatch
     1>priwm.cpp(790): warning C4018: '<' : signed/unsigned mismatch
     1>priwm.cpp(798): warning C4018: '<' : signed/unsigned mismatch
     1>priwm.cpp(866): warning C4018: '>=' : signed/unsigned mismatch
     1>priwm.cpp(869): warning C4018: '>=' : signed/unsigned mismatch
     1>priwm.cpp(919): warning C4244: '=' : conversion from 'uint16_t' to 'uint8_t', possible loss of data
     1>priwm.cpp(932): warning C4244: '=' : conversion from 'uint16_t' to 'uint8_t', possible loss of data
     1>priwm.cpp(1181): warning C4018: '<' : signed/unsigned mismatch
     1>priwm.cpp(1216): warning C4018: '<' : signed/unsigned mismatch
     1>priwm.cpp(1058): warning C4101: 'diff_tick' : unreferenced local variable
     1>priwm.cpp(1057): warning C4101: 'frame_tick' : unreferenced local variable
         list.cpp
         Generating Code...
     1>C:\Program Files (x86)\MSBuild\Microsoft.Cpp\v4.0\V110\Microsoft.CppBuild.targets(1137,5): warning MSB8012: TargetPath(E:\Xeneva Project\Xeneva\Aurora\x64\Debug\PriWM.exe) does not match the Linker's OutputFile property value (F:\priwm.exe). This may cause your project to build incorrectly. To correct this, please make sure that $(OutDir), $(TargetName) and $(TargetExt) property values match the value specified in %(Link.OutputFile).
       Link:
         C:\Program Files (x86)\Microsoft Visual Studio 11.0\VC\bin\x86_amd64\link.exe /ERRORREPORT:PROMPT /OUT:"F:\priwm.exe" /INCREMENTAL /NOLOGO /LIBPATH:"E:\Xeneva Project\Xeneva\xnlib\lib64" /LIBPATH:"E:\Xeneva Project\Xeneva\Aurora\x64\Debug" xnclib.lib xnacrylic.lib XeWidgets.lib xncrt.lib /NODEFAULTLIB /MANIFEST:NO /PDB:"E:\Xeneva Project\Xeneva\Aurora\x64\Debug\PriWM.pdb" /MAP /MAPINFO:EXPORTS /SUBSYSTEM:NATIVE /LARGEADDRESSAWARE /Driver /OPT:NOREF /LTCG /TLBID:1 /ENTRY:"_start" /BASE:"0x0000000000600000" /FIXED:NO /IMPLIB:"E:\Xeneva Project\Xeneva\Aurora\x64\Debug\PriWM.lib" /MACHINE:X64 /ALIGN:512 x64\Debug\list.obj
         x64\Debug\priwm.obj
         x64\Debug\pri_dirty_clip.obj
         x64\Debug\pri_event.obj
         x64\Debug\pri_wallp_dirty_clip.obj
     1>LINK : warning LNK4075: ignoring '/INCREMENTAL' due to '/LTCG' specification
         LINK : /LTCG specified but no code generation required; remove /LTCG from the link command line to improve linker performance
         PriWM.vcxproj -> E:\Xeneva Project\Xeneva\Aurora\x64\Debug\PriWM.exe
     1>Done Building Project "E:\Xeneva Project\Xeneva\Aurora\PriWM\PriWM.vcxproj" (Rebuild target(s)).

Build succeeded.

Time Elapsed 00:00:00.63
