Build started 11-07-2022 ৰাতিপু 8:50:59.
     1>Project "E:\Xeneva Project\Xeneva\Apps\XeCon\XeCon.vcxproj" on node 2 (Rebuild target(s)).
     1>_NASM:
         asm_test.asm
         cmd.exe /C "C:\Users\HP\AppData\Local\Temp\tmp9d084b7820d04d05b25a97c0e1dc4fc7.cmd"
         "C:\Program Files (x86)\Microsoft Visual Studio 11.0\VC\"nasm.exe -Xvc -f win64 -o "x64\Debug\asm_test.obj"  "E:\Xeneva Project\Xeneva\Apps\XeCon\asm_test.asm"
       ClCompile:
         C:\Program Files (x86)\Microsoft Visual Studio 11.0\VC\bin\x86_amd64\CL.exe /c /I"E:\Xeneva Project\Xeneva\xnlib\xnclib" /I"E:\Xeneva Project\Xeneva\xnlib\xnacrylic\include" /I"E:\Xeneva Project\Xeneva\Libraries\XeWidgets\includes" /Zi /nologo /W3 /WX- /sdl- /Od /D ARCH_X64 /D _MBCS /X /Gm /GS- /arch:SSE2 /fp:precise /Zc:wchar_t /Zc:forScope /GR- /Fo"x64\Debug\\" /Fd"x64\Debug\vc110.pdb" /Gd /TP /errorReport:prompt main.cpp XeTerm.cpp
     1>cl : Command line warning D9025: overriding '/sdl-' with '/GS-'
     1>cl : Command line warning D9002: ignoring unknown option '/arch:SSE2'
         XeTerm.cpp
     1>XeTerm.cpp(74): warning C4305: '=' : truncation from 'unsigned int' to 'uint8_t'
     1>XeTerm.cpp(74): warning C4309: '=' : truncation of constant value
     1>XeTerm.cpp(75): warning C4305: '=' : truncation from 'unsigned int' to 'uint8_t'
     1>XeTerm.cpp(75): warning C4309: '=' : truncation of constant value
         main.cpp
     1>main.cpp(70): warning C4267: '=' : conversion from 'size_t' to 'int', possible loss of data
         Generating Code...
     1>C:\Program Files (x86)\MSBuild\Microsoft.Cpp\v4.0\V110\Microsoft.CppBuild.targets(1137,5): warning MSB8012: TargetPath(E:\Xeneva Project\Xeneva\Aurora\x64\Debug\XeCon.exe) does not match the Linker's OutputFile property value (F:\xecon.exe). This may cause your project to build incorrectly. To correct this, please make sure that $(OutDir), $(TargetName) and $(TargetExt) property values match the value specified in %(Link.OutputFile).
       Link:
         C:\Program Files (x86)\Microsoft Visual Studio 11.0\VC\bin\x86_amd64\link.exe /ERRORREPORT:PROMPT /OUT:"F:\xecon.exe" /INCREMENTAL /NOLOGO /LIBPATH:"E:\Xeneva Project\Xeneva\xnlib\lib64" /LIBPATH:"E:\Xeneva Project\Xeneva\Aurora\x64\Debug" xnclib.lib xncrt.lib xnacrylic.lib XeWidgets.lib /MANIFEST:NO /PDB:"E:\Xeneva Project\Xeneva\Aurora\x64\Debug\XeCon.pdb" /MAP /MAPINFO:EXPORTS /SUBSYSTEM:NATIVE /LARGEADDRESSAWARE /Driver /OPT:NOREF /LTCG /TLBID:1 /ENTRY:"_start" /BASE:"0x0000000000600000" /FIXED:NO /IMPLIB:"E:\Xeneva Project\Xeneva\Aurora\x64\Debug\XeCon.lib" /MACHINE:X64 /ALIGN:512 x64\Debug\main.obj
         x64\Debug\XeTerm.obj
         x64\Debug\asm_test.obj
     1>LINK : warning LNK4075: ignoring '/INCREMENTAL' due to '/LTCG' specification
         LINK : /LTCG specified but no code generation required; remove /LTCG from the link command line to improve linker performance
         XeCon.vcxproj -> E:\Xeneva Project\Xeneva\Aurora\x64\Debug\XeCon.exe
     1>Done Building Project "E:\Xeneva Project\Xeneva\Apps\XeCon\XeCon.vcxproj" (Rebuild target(s)).

Build succeeded.

Time Elapsed 00:00:09.37
