Build started 17-06-2022 আবেলি 12:44:45.
     1>Project "E:\Xeneva Project\Xeneva\Drivers\usb\usb.vcxproj" on node 2 (Rebuild target(s)).
     1>ClCompile:
         C:\Program Files (x86)\Microsoft Visual Studio 11.0\VC\bin\x86_amd64\CL.exe /c /I"E:\Xeneva Project\Xeneva\Aurora\include" /Zi /nologo /W3 /WX- /Od /Oy /D ARCH_X64 /D _WINDLL /D _MBCS /X /Gm /GS- /arch:SSE /fp:precise /Zc:wchar_t /Zc:forScope /GR- /Fo"x64\Debug\\" /Fd"x64\Debug\vc110.pdb" /Gd /TP /errorReport:prompt main.cpp xhci.cpp
     1>cl : Command line warning D9002: ignoring unknown option '/arch:SSE'
         xhci.cpp
     1>e:\xeneva project\xeneva\drivers\usb\xhci.h(200): warning C4161: #pragma pack(pop...) : more pops than pushes
     1>e:\xeneva project\xeneva\drivers\usb\xhci.h(220): warning C4200: nonstandard extension used : zero-sized array in struct/union
                 Cannot generate copy-ctor or copy-assignment operator when UDT contains a zero-sized array
     1>e:\xeneva project\xeneva\drivers\usb\xhci.h(276): warning C4081: expected 'newline'; found ';'
     1>xhci.cpp(60): warning C4244: '=' : conversion from 'uint64_t' to 'uint32_t', possible loss of data
     1>xhci.cpp(87): warning C4293: '<<' : shift count negative or too big, undefined behavior
     1>xhci.cpp(89): warning C4244: '=' : conversion from 'uint64_t' to 'uint32_t', possible loss of data
     1>xhci.cpp(166): warning C4244: '=' : conversion from 'uint64_t' to 'unsigned int', possible loss of data
     1>xhci.cpp(168): warning C4244: '=' : conversion from 'uint64_t' to 'unsigned int', possible loss of data
     1>xhci.cpp(234): warning C4258: 'i' : definition from the for loop is ignored; the definition from the enclosing scope is used
                 xhci.cpp(230) : definition of 'i' ignored
                 xhci.cpp(222) : definition of 'i' used
     1>xhci.cpp(252): warning C4244: '=' : conversion from 'uint64_t' to 'unsigned int', possible loss of data
     1>xhci.cpp(259): warning C4258: 'i' : definition from the for loop is ignored; the definition from the enclosing scope is used
                 xhci.cpp(230) : definition of 'i' ignored
                 xhci.cpp(222) : definition of 'i' used
         main.cpp
     1>e:\xeneva project\xeneva\drivers\usb\xhci.h(200): warning C4161: #pragma pack(pop...) : more pops than pushes
     1>e:\xeneva project\xeneva\drivers\usb\xhci.h(220): warning C4200: nonstandard extension used : zero-sized array in struct/union
                 Cannot generate copy-ctor or copy-assignment operator when UDT contains a zero-sized array
     1>e:\xeneva project\xeneva\drivers\usb\xhci.h(276): warning C4081: expected 'newline'; found ';'
     1>main.cpp(61): warning C4244: '=' : conversion from 'uint64_t' to 'unsigned int', possible loss of data
     1>main.cpp(101): warning C4244: 'argument' : conversion from 'uint64_t' to 'uint32_t', possible loss of data
     1>main.cpp(106): warning C4293: '<<' : shift count negative or too big, undefined behavior
     1>main.cpp(182): warning C4244: '=' : conversion from 'uint64_t' to 'unsigned int', possible loss of data
         Generating Code...
     1>C:\Program Files (x86)\MSBuild\Microsoft.Cpp\v4.0\V110\Microsoft.CppBuild.targets(1137,5): warning MSB8012: TargetPath(E:\Xeneva Project\Xeneva\Drivers\usb\x64\Debug\usb.dll) does not match the Linker's OutputFile property value (F:\usb.dll). This may cause your project to build incorrectly. To correct this, please make sure that $(OutDir), $(TargetName) and $(TargetExt) property values match the value specified in %(Link.OutputFile).
       Link:
         C:\Program Files (x86)\Microsoft Visual Studio 11.0\VC\bin\x86_amd64\link.exe /ERRORREPORT:PROMPT /OUT:"F:\usb.dll" /INCREMENTAL /NOLOGO /LIBPATH:"E:\Xeneva Project\Xeneva\Aurora\x64\Debug" Aurora.lib /NODEFAULTLIB /MANIFEST:NO /PDB:"E:\Xeneva Project\Xeneva\Drivers\usb\x64\Debug\usb.pdb" /MAP /MAPINFO:EXPORTS /SUBSYSTEM:NATIVE /STACK:"0x100000" /LARGEADDRESSAWARE /Driver /OPT:NOREF /LTCG /TLBID:1 /BASE:"0xFFFFC00000400000" /FIXED:NO /IMPLIB:"E:\Xeneva Project\Xeneva\Drivers\usb\x64\Debug\usb.lib" /MACHINE:X64 /ALIGN:512 /DLL x64\Debug\main.obj
         x64\Debug\xhci.obj
     1>LINK : warning LNK4075: ignoring '/INCREMENTAL' due to '/LTCG' specification
            Creating library E:\Xeneva Project\Xeneva\Drivers\usb\x64\Debug\usb.lib and object E:\Xeneva Project\Xeneva\Drivers\usb\x64\Debug\usb.exp
         LINK : /LTCG specified but no code generation required; remove /LTCG from the link command line to improve linker performance
         usb.vcxproj -> E:\Xeneva Project\Xeneva\Drivers\usb\x64\Debug\usb.dll
     1>Done Building Project "E:\Xeneva Project\Xeneva\Drivers\usb\usb.vcxproj" (Rebuild target(s)).

Build succeeded.

Time Elapsed 00:00:01.05
