Build started 06-03-2022 আবেলি 11:58:25.
     1>Project "E:\Xeneva Project\Xeneva\drivers\usb\usb.vcxproj" on node 2 (Rebuild target(s)).
     1>ClCompile:
         C:\Program Files (x86)\Microsoft Visual Studio 11.0\VC\bin\x86_amd64\CL.exe /c /I"E:\Xeneva Project\Xeneva\driverapi\libdriver\include" /Zi /nologo /W4 /WX- /sdl- /Od /Oy- /D ARCH_X64 /D _WINDLL /D _MBCS /X /Gm /GS- /arch:SSE /fp:precise /Zc:wchar_t /Zc:forScope /Fo"x64\Debug\\" /Fd"x64\Debug\vc110.pdb" /Gd /TP /errorReport:prompt usb_main.cpp
     1>cl : Command line warning D9025: overriding '/sdl-' with '/GS-'
     1>cl : Command line warning D9002: ignoring unknown option '/arch:SSE'
         usb_main.cpp
     1>e:\xeneva project\xeneva\drivers\usb\xhci.h(23): warning C4005: 'XHCI_CAPREG_HCSPARAMS1' : macro redefinition
                 e:\xeneva project\xeneva\drivers\usb\xhci.h(20) : see previous definition of 'XHCI_CAPREG_HCSPARAMS1'
     1>e:\xeneva project\xeneva\drivers\usb\xhci.h(547): warning C4200: nonstandard extension used : zero-sized array in struct/union
                 Cannot generate copy-ctor or copy-assignment operator when UDT contains a zero-sized array
     1>usb_main.cpp(20): warning C4100: 'length' : unreferenced formal parameter
     1>usb_main.cpp(20): warning C4100: 'buffer' : unreferenced formal parameter
     1>usb_main.cpp(47): warning C4189: 'addr_high' : local variable is initialized but not referenced
     1>C:\Program Files (x86)\MSBuild\Microsoft.Cpp\v4.0\V110\Microsoft.CppBuild.targets(1137,5): warning MSB8012: TargetPath(E:\Xeneva Project\Xeneva\Aurora\x64\Debug\usb.dll) does not match the Linker's OutputFile property value (F:\EFI\XENEVA\usb.dll). This may cause your project to build incorrectly. To correct this, please make sure that $(OutDir), $(TargetName) and $(TargetExt) property values match the value specified in %(Link.OutputFile).
       Link:
         C:\Program Files (x86)\Microsoft Visual Studio 11.0\VC\bin\x86_amd64\link.exe /ERRORREPORT:PROMPT /OUT:"F:\EFI\XENEVA\usb.dll" /INCREMENTAL /NOLOGO /LIBPATH:"E:\Xeneva Project\Xeneva\xnlib\lib64" libdriver.lib /NODEFAULTLIB /MANIFEST:NO /PDB:"E:\Xeneva Project\Xeneva\Aurora\x64\Debug\usb.pdb" /MAP /MAPINFO:EXPORTS /SUBSYSTEM:NATIVE /LARGEADDRESSAWARE /OPT:NOREF /LTCG /TLBID:1 /ENTRY:"aurora_init_driver" /BASE:"0xFFFFE00000000000" /DYNAMICBASE:NO /FIXED:NO /NXCOMPAT:NO /IMPLIB:"E:\Xeneva Project\Xeneva\Aurora\x64\Debug\usb.lib" /MACHINE:X64 /ALIGN:512 /DLL x64\Debug\usb_main.obj
     1>LINK : warning LNK4108: /ALIGN specified without /DRIVER; image may not run
     1>LINK : warning LNK4075: ignoring '/INCREMENTAL' due to '/LTCG' specification
     1>LINK : warning LNK4216: Exported entry point aurora_init_driver
            Creating library E:\Xeneva Project\Xeneva\Aurora\x64\Debug\usb.lib and object E:\Xeneva Project\Xeneva\Aurora\x64\Debug\usb.exp
         LINK : /LTCG specified but no code generation required; remove /LTCG from the link command line to improve linker performance
         usb.vcxproj -> E:\Xeneva Project\Xeneva\Aurora\x64\Debug\usb.dll
     1>Done Building Project "E:\Xeneva Project\Xeneva\drivers\usb\usb.vcxproj" (Rebuild target(s)).

Build succeeded.

Time Elapsed 00:00:00.73
