E:\XENEVA PROJECT\XENEVA\XNLIB\QUWIDGETS\X64\DEBUG\QUBASE.OBJ
E:\XENEVA PROJECT\XENEVA\XNLIB\QUWIDGETS\X64\DEBUG\QUBUTTON.OBJ
E:\XENEVA PROJECT\XENEVA\XNLIB\QUWIDGETS\X64\DEBUG\QUCONTEXTMENU.OBJ
E:\XENEVA PROJECT\XENEVA\XNLIB\QUWIDGETS\X64\DEBUG\QUEDITBOX.OBJ
E:\XENEVA PROJECT\XENEVA\XNLIB\QUWIDGETS\X64\DEBUG\QUKEYCODEHELPER.OBJ
E:\XENEVA PROJECT\XENEVA\XNLIB\QUWIDGETS\X64\DEBUG\QUMENUBAR.OBJ
E:\XENEVA PROJECT\XENEVA\XNLIB\QUWIDGETS\X64\DEBUG\QUPANEL.OBJ
E:\XENEVA PROJECT\XENEVA\XNLIB\QUWIDGETS\X64\DEBUG\QUPOPUPMENU.OBJ
E:\XENEVA PROJECT\XENEVA\XNLIB\QUWIDGETS\X64\DEBUG\QUSCROLLBAR.OBJ
E:\XENEVA PROJECT\XENEVA\XNLIB\QUWIDGETS\X64\DEBUG\QUSLIDER.OBJ
E:\XENEVA PROJECT\XENEVA\XNLIB\QUWIDGETS\X64\DEBUG\QUTERMINAL.OBJ
E:\XENEVA PROJECT\XENEVA\XNLIB\QUWIDGETS\X64\DEBUG\QUTEXTBOX.OBJ
E:\XENEVA PROJECT\XENEVA\XNLIB\QUWIDGETS\X64\DEBUG\QULIST.OBJ
E:\XENEVA PROJECT\XENEVA\XNLIB\QUWIDGETS\X64\DEBUG\QUWINDOW.OBJ
E:\XENEVA PROJECT\XENEVA\XNLIB\QUWIDGETS\X64\DEBUG\QUWINDOWCONTROL.OBJ
E:\XENEVA PROJECT\XENEVA\XNLIB\QUWIDGETS\X64\DEBUG\VC110.PDB
E:\XENEVA PROJECT\XENEVA\XNLIB\LIB64\QUWIDGETS.LIB
E:\Xeneva Project\Xeneva\xnlib\QuWidgets\x64\Debug\QuBase.obj
E:\Xeneva Project\Xeneva\xnlib\QuWidgets\x64\Debug\QuButton.obj
E:\Xeneva Project\Xeneva\xnlib\QuWidgets\x64\Debug\QuContextMenu.obj
E:\Xeneva Project\Xeneva\xnlib\QuWidgets\x64\Debug\QuEditBox.obj
E:\Xeneva Project\Xeneva\xnlib\QuWidgets\x64\Debug\QuKeycodeHelper.obj
E:\Xeneva Project\Xeneva\xnlib\QuWidgets\x64\Debug\QuList.obj
E:\Xeneva Project\Xeneva\xnlib\QuWidgets\x64\Debug\QuMenubar.obj
E:\Xeneva Project\Xeneva\xnlib\QuWidgets\x64\Debug\QuPanel.obj
E:\Xeneva Project\Xeneva\xnlib\QuWidgets\x64\Debug\QuPopupMenu.obj
E:\Xeneva Project\Xeneva\xnlib\QuWidgets\x64\Debug\QuScrollbar.obj
E:\Xeneva Project\Xeneva\xnlib\QuWidgets\x64\Debug\QuSlider.obj
E:\Xeneva Project\Xeneva\xnlib\QuWidgets\x64\Debug\QuTerminal.obj
E:\Xeneva Project\Xeneva\xnlib\QuWidgets\x64\Debug\QuTextbox.obj
E:\Xeneva Project\Xeneva\xnlib\QuWidgets\x64\Debug\QuWindow.obj
E:\Xeneva Project\Xeneva\xnlib\QuWidgets\x64\Debug\QuWindowControl.obj
E:\Xeneva Project\Xeneva\xnlib\QuWidgets\x64\Debug\cl.command.1.tlog
E:\Xeneva Project\Xeneva\xnlib\QuWidgets\x64\Debug\CL.read.1.tlog
E:\Xeneva Project\Xeneva\xnlib\QuWidgets\x64\Debug\CL.write.1.tlog
E:\Xeneva Project\Xeneva\xnlib\QuWidgets\x64\Debug\Lib-link.read.1.tlog
E:\Xeneva Project\Xeneva\xnlib\QuWidgets\x64\Debug\Lib-link.write.1.tlog
E:\Xeneva Project\Xeneva\xnlib\QuWidgets\x64\Debug\lib.command.1.tlog
E:\Xeneva Project\Xeneva\xnlib\QuWidgets\x64\Debug\vc110.idb
E:\Xeneva Project\Xeneva\xnlib\QuWidgets\x64\Debug\vc110.pdb
