E:\XENEVA PROJECT\XENEVA\XNLIB\LIBSFN\X64\DEBUG\CURVE.OBJ
E:\XENEVA PROJECT\XENEVA\XNLIB\LIBSFN\X64\DEBUG\TRACE.OBJ
E:\XENEVA PROJECT\XENEVA\XNLIB\LIBSFN\X64\DEBUG\POTRACELIB.OBJ
E:\XENEVA PROJECT\XENEVA\XNLIB\LIBSFN\X64\DEBUG\UTIL.OBJ
E:\XENEVA PROJECT\XENEVA\XNLIB\LIBSFN\X64\DEBUG\SFN.OBJ
E:\XENEVA PROJECT\XENEVA\XNLIB\LIBSFN\X64\DEBUG\DECOMPOSE.OBJ
E:\XENEVA PROJECT\XENEVA\XNLIB\LIBSFN\X64\DEBUG\BITMAP.OBJ
E:\XENEVA PROJECT\XENEVA\XNLIB\LIBSFN\X64\DEBUG\VECTOR.OBJ
E:\XENEVA PROJECT\XENEVA\XNLIB\LIBSFN\X64\DEBUG\ZLIB.OBJ
E:\XENEVA PROJECT\XENEVA\XNLIB\LIBSFN\X64\DEBUG\UNICODE.OBJ
E:\XENEVA PROJECT\XENEVA\XNLIB\LIBSFN\X64\DEBUG\VC110.PDB
E:\XENEVA PROJECT\XENEVA\XNLIB\LIB64\LIBSFN.LIB
E:\Xeneva Project\Xeneva\xnlib\libsfn\x64\Debug\bitmap.obj
E:\Xeneva Project\Xeneva\xnlib\libsfn\x64\Debug\curve.obj
E:\Xeneva Project\Xeneva\xnlib\libsfn\x64\Debug\decompose.obj
E:\Xeneva Project\Xeneva\xnlib\libsfn\x64\Debug\potracelib.obj
E:\Xeneva Project\Xeneva\xnlib\libsfn\x64\Debug\sfn.obj
E:\Xeneva Project\Xeneva\xnlib\libsfn\x64\Debug\trace.obj
E:\Xeneva Project\Xeneva\xnlib\libsfn\x64\Debug\unicode.obj
E:\Xeneva Project\Xeneva\xnlib\libsfn\x64\Debug\util.obj
E:\Xeneva Project\Xeneva\xnlib\libsfn\x64\Debug\vector.obj
E:\Xeneva Project\Xeneva\xnlib\libsfn\x64\Debug\zlib.obj
E:\Xeneva Project\Xeneva\xnlib\libsfn\x64\Debug\CL.10576.read.1.tlog
E:\Xeneva Project\Xeneva\xnlib\libsfn\x64\Debug\CL.10576.write.1.tlog
E:\Xeneva Project\Xeneva\xnlib\libsfn\x64\Debug\CL.11008.read.1.tlog
E:\Xeneva Project\Xeneva\xnlib\libsfn\x64\Debug\CL.11008.write.1.tlog
E:\Xeneva Project\Xeneva\xnlib\libsfn\x64\Debug\CL.11172.read.1.tlog
E:\Xeneva Project\Xeneva\xnlib\libsfn\x64\Debug\CL.11172.write.1.tlog
E:\Xeneva Project\Xeneva\xnlib\libsfn\x64\Debug\CL.13520.read.1.tlog
E:\Xeneva Project\Xeneva\xnlib\libsfn\x64\Debug\CL.13520.write.1.tlog
E:\Xeneva Project\Xeneva\xnlib\libsfn\x64\Debug\CL.14028.read.1.tlog
E:\Xeneva Project\Xeneva\xnlib\libsfn\x64\Debug\CL.14028.write.1.tlog
E:\Xeneva Project\Xeneva\xnlib\libsfn\x64\Debug\CL.15216.read.1.tlog
E:\Xeneva Project\Xeneva\xnlib\libsfn\x64\Debug\CL.15216.write.1.tlog
E:\Xeneva Project\Xeneva\xnlib\libsfn\x64\Debug\CL.16736.read.1.tlog
E:\Xeneva Project\Xeneva\xnlib\libsfn\x64\Debug\CL.16736.write.1.tlog
E:\Xeneva Project\Xeneva\xnlib\libsfn\x64\Debug\CL.6548.read.1.tlog
E:\Xeneva Project\Xeneva\xnlib\libsfn\x64\Debug\CL.6548.write.1.tlog
E:\Xeneva Project\Xeneva\xnlib\libsfn\x64\Debug\cl.command.1.tlog
E:\Xeneva Project\Xeneva\xnlib\libsfn\x64\Debug\CL.read.1.tlog
E:\Xeneva Project\Xeneva\xnlib\libsfn\x64\Debug\CL.write.1.tlog
E:\Xeneva Project\Xeneva\xnlib\libsfn\x64\Debug\Lib-link.read.1.tlog
E:\Xeneva Project\Xeneva\xnlib\libsfn\x64\Debug\Lib-link.write.1.tlog
E:\Xeneva Project\Xeneva\xnlib\libsfn\x64\Debug\lib.command.1.tlog
E:\Xeneva Project\Xeneva\xnlib\libsfn\x64\Debug\vc110.pdb
