E:\XENEVA PROJECT\XENEVA\XNLIB\DAISY\X64\DEBUG\DAISY.OBJ
E:\XENEVA PROJECT\XENEVA\XNLIB\DAISY\X64\DEBUG\DAISY_EVENT_STACK.OBJ
E:\XENEVA PROJECT\XENEVA\XNLIB\DAISY\X64\DEBUG\DAISY_PRIWM_WINDOW.OBJ
E:\XENEVA PROJECT\XENEVA\XNLIB\DAISY\X64\DEBUG\DAISY_SCROLL_VIEW.OBJ
E:\XENEVA PROJECT\XENEVA\XNLIB\DAISY\X64\DEBUG\DAISY_WIDGET_BUTTON.OBJ
E:\XENEVA PROJECT\XENEVA\XNLIB\DAISY\X64\DEBUG\DAISY_WIDGET_LABEL.OBJ
E:\XENEVA PROJECT\XENEVA\XNLIB\DAISY\X64\DEBUG\DAISY_WIDGET_LIST.OBJ
E:\XENEVA PROJECT\XENEVA\XNLIB\DAISY\X64\DEBUG\DAISY_WIDGET_ONOFF.OBJ
E:\XENEVA PROJECT\XENEVA\XNLIB\DAISY\X64\DEBUG\DAISY_WIDGET_PANEL.OBJ
E:\XENEVA PROJECT\XENEVA\XNLIB\DAISY\X64\DEBUG\DAISY_WIDGET_SCROLLBAR.OBJ
E:\XENEVA PROJECT\XENEVA\XNLIB\DAISY\X64\DEBUG\DAISY_WIDGET_SLIDER.OBJ
E:\XENEVA PROJECT\XENEVA\XNLIB\DAISY\X64\DEBUG\DAISY_WINDOW.OBJ
E:\XENEVA PROJECT\XENEVA\XNLIB\DAISY\X64\DEBUG\DAISY_WINDOW_PAINTER.OBJ
E:\XENEVA PROJECT\XENEVA\XNLIB\DAISY\X64\DEBUG\LIST.OBJ
E:\XENEVA PROJECT\XENEVA\XNLIB\DAISY\X64\DEBUG\VC110.PDB
E:\XENEVA PROJECT\XENEVA\XNLIB\LIB64\DAISY.LIB
E:\Xeneva Project\Xeneva\xnlib\daisy\x64\Debug\daisy.obj
E:\Xeneva Project\Xeneva\xnlib\daisy\x64\Debug\daisy_event_stack.obj
E:\Xeneva Project\Xeneva\xnlib\daisy\x64\Debug\daisy_priwm_window.obj
E:\Xeneva Project\Xeneva\xnlib\daisy\x64\Debug\daisy_scroll_view.obj
E:\Xeneva Project\Xeneva\xnlib\daisy\x64\Debug\daisy_widget_button.obj
E:\Xeneva Project\Xeneva\xnlib\daisy\x64\Debug\daisy_widget_label.obj
E:\Xeneva Project\Xeneva\xnlib\daisy\x64\Debug\daisy_widget_list.obj
E:\Xeneva Project\Xeneva\xnlib\daisy\x64\Debug\daisy_widget_onoff.obj
E:\Xeneva Project\Xeneva\xnlib\daisy\x64\Debug\daisy_widget_panel.obj
E:\Xeneva Project\Xeneva\xnlib\daisy\x64\Debug\daisy_widget_scrollbar.obj
E:\Xeneva Project\Xeneva\xnlib\daisy\x64\Debug\daisy_widget_slider.obj
E:\Xeneva Project\Xeneva\xnlib\daisy\x64\Debug\daisy_window.obj
E:\Xeneva Project\Xeneva\xnlib\daisy\x64\Debug\daisy_window_painter.obj
E:\Xeneva Project\Xeneva\xnlib\daisy\x64\Debug\list.obj
E:\Xeneva Project\Xeneva\xnlib\daisy\x64\Debug\cl.command.1.tlog
E:\Xeneva Project\Xeneva\xnlib\daisy\x64\Debug\CL.read.1.tlog
E:\Xeneva Project\Xeneva\xnlib\daisy\x64\Debug\CL.write.1.tlog
E:\Xeneva Project\Xeneva\xnlib\daisy\x64\Debug\Lib-link.read.1.tlog
E:\Xeneva Project\Xeneva\xnlib\daisy\x64\Debug\Lib-link.write.1.tlog
E:\Xeneva Project\Xeneva\xnlib\daisy\x64\Debug\lib.command.1.tlog
E:\Xeneva Project\Xeneva\xnlib\daisy\x64\Debug\vc110.idb
E:\Xeneva Project\Xeneva\xnlib\daisy\x64\Debug\vc110.pdb
