E:\XENEVA PROJECT\XENEVA\LIBRARIES\XEWIDGETS\X64\DEBUG\LIST.OBJ
E:\XENEVA PROJECT\XENEVA\LIBRARIES\XEWIDGETS\X64\DEBUG\XEDEFAULTBUTTONSTYLE.OBJ
E:\XENEVA PROJECT\XENEVA\LIBRARIES\XEWIDGETS\X64\DEBUG\XEDEFAULTRADIOBUTTONSTYLE.OBJ
E:\XENEVA PROJECT\XENEVA\LIBRARIES\XEWIDGETS\X64\DEBUG\XEDEFAULTRADIOGROUPSTYLE.OBJ
E:\XENEVA PROJECT\XENEVA\LIBRARIES\XEWIDGETS\X64\DEBUG\XEDEFAULTWINSTYLE.OBJ
E:\XENEVA PROJECT\XENEVA\LIBRARIES\XEWIDGETS\X64\DEBUG\XEBASE.OBJ
E:\XENEVA PROJECT\XENEVA\LIBRARIES\XEWIDGETS\X64\DEBUG\XEBUTTON.OBJ
E:\XENEVA PROJECT\XENEVA\LIBRARIES\XEWIDGETS\X64\DEBUG\XELOOP.OBJ
E:\XENEVA PROJECT\XENEVA\LIBRARIES\XEWIDGETS\X64\DEBUG\XERADIOBUTTON.OBJ
E:\XENEVA PROJECT\XENEVA\LIBRARIES\XEWIDGETS\X64\DEBUG\XERADIOGROUP.OBJ
E:\XENEVA PROJECT\XENEVA\LIBRARIES\XEWIDGETS\X64\DEBUG\XEWINDOW.OBJ
E:\XENEVA PROJECT\XENEVA\LIBRARIES\XEWIDGETS\X64\DEBUG\XE_GLBLCTRL_CLOSE.OBJ
E:\XENEVA PROJECT\XENEVA\LIBRARIES\XEWIDGETS\X64\DEBUG\VC110.PDB
F:\XEWID.DLL
F:\XEWID.MAP
E:\Xeneva Project\Xeneva\Aurora\x64\Debug\XeWidgets.lib
E:\Xeneva Project\Xeneva\Aurora\x64\Debug\XeWidgets.exp
E:\Xeneva Project\Xeneva\Libraries\XeWidgets\x64\Debug\list.obj
E:\Xeneva Project\Xeneva\Libraries\XeWidgets\x64\Debug\xebase.obj
E:\Xeneva Project\Xeneva\Libraries\XeWidgets\x64\Debug\xebutton.obj
E:\Xeneva Project\Xeneva\Libraries\XeWidgets\x64\Debug\XEDefaultButtonStyle.obj
E:\Xeneva Project\Xeneva\Libraries\XeWidgets\x64\Debug\XEDefaultRadioButtonStyle.obj
E:\Xeneva Project\Xeneva\Libraries\XeWidgets\x64\Debug\XEDefaultRadioGroupStyle.obj
E:\Xeneva Project\Xeneva\Libraries\XeWidgets\x64\Debug\XEDefaultWinStyle.obj
E:\Xeneva Project\Xeneva\Libraries\XeWidgets\x64\Debug\xeloop.obj
E:\Xeneva Project\Xeneva\Libraries\XeWidgets\x64\Debug\xeradiobutton.obj
E:\Xeneva Project\Xeneva\Libraries\XeWidgets\x64\Debug\xeradiogroup.obj
E:\Xeneva Project\Xeneva\Libraries\XeWidgets\x64\Debug\xewindow.obj
E:\Xeneva Project\Xeneva\Libraries\XeWidgets\x64\Debug\xe_glblctrl_close.obj
E:\Xeneva Project\Xeneva\Libraries\XeWidgets\x64\Debug\cl.command.1.tlog
E:\Xeneva Project\Xeneva\Libraries\XeWidgets\x64\Debug\CL.read.1.tlog
E:\Xeneva Project\Xeneva\Libraries\XeWidgets\x64\Debug\CL.write.1.tlog
E:\Xeneva Project\Xeneva\Libraries\XeWidgets\x64\Debug\link.command.1.tlog
E:\Xeneva Project\Xeneva\Libraries\XeWidgets\x64\Debug\link.read.1.tlog
E:\Xeneva Project\Xeneva\Libraries\XeWidgets\x64\Debug\link.write.1.tlog
E:\Xeneva Project\Xeneva\Libraries\XeWidgets\x64\Debug\XeWidgets.write.1.tlog
E:\Xeneva Project\Xeneva\Libraries\XeWidgets\x64\Debug\vc110.idb
E:\Xeneva Project\Xeneva\Libraries\XeWidgets\x64\Debug\vc110.pdb
