Build started 10-12-2021 আবেলি 3:06:51.
     1>Project "E:\Xeneva Project\Xeneva\Aurora\acpica\acpica.vcxproj" on node 2 (Rebuild target(s)).
     1>ClCompile:
         C:\Program Files (x86)\Microsoft Visual Studio 11.0\VC\bin\x86_amd64\CL.exe /c /I"E:\Xeneva Project\Xeneva\Aurora\acpica\include" /I"E:\Xeneva Project\Xeneva\Aurora\include" /Zi /nologo /W1 /WX- /O1 /Ob1 /Os /Oy /D ARCH_X64 /D PROCESSOR_ARCHITECHTURE=X64 /D X64 /D ACPI_MACHINE_WIDTH=64 /D ACPI_DEBUGGER /D ACPI_DISASSEMBLER /D _MBCS /X /Gm /MTd /Zp1 /GS- /fp:precise /Zc:wchar_t /Zc:forScope /GR- /Fo"x64\Debug\\" /Fd"x64\Debug\vc110.pdb" /Gd /TC /errorReport:prompt components\common\acgetline.c components\common\adwalk.c components\common\ahids.c components\common\ahpredef.c components\common\ahtable.c components\common\ahuuids.c components\common\cmfsize.c components\common\dmtbdump.c components\common\dmtbinfo.c components\common\getopt.c components\debugger\dbcmds.c components\debugger\dbconvert.c components\debugger\dbdisply.c components\debugger\dbexec.c components\debugger\dbfileio.c components\debugger\dbhistry.c components\debugger\dbinput.c components\debugger\dbmethod.c components\debugger\dbnames.c components\debugger\dbstats.c components\debugger\dbtest.c components\debugger\dbutils.c components\debugger\dbxface.c components\disassembler\dmbuffer.c components\disassembler\dmcstyle.c components\disassembler\dmdeferred.c components\disassembler\dmnames.c components\disassembler\dmobject.c components\disassembler\dmopcode.c components\disassembler\dmresrc.c components\disassembler\dmresrcl.c components\disassembler\dmresrcl2.c components\disassembler\dmresrcs.c components\disassembler\dmutils.c components\disassembler\dmwalk.c components\dispatcher\dsargc.c components\dispatcher\dscontrol.c components\dispatcher\dsfield.c components\dispatcher\dsinit.c components\dispatcher\dsmethod.c components\dispatcher\dsmthdat.c components\dispatcher\dsobject.c components\dispatcher\dsopcode.c components\dispatcher\dsutils.c components\dispatcher\dswexec.c components\dispatcher\dswload.c components\dispatcher\dswload2.c components\dispatcher\dswscope.c components\dispatcher\dswstate.c components\events\evevent.c components\events\evglock.c components\events\evgpe.c components\events\evgpeblk.c components\events\evgpeinit.c components\events\evgpeutil.c components\events\evhandler.c components\events\evmisc.c components\events\evregion.c components\events\evrgnini.c components\events\evsci.c components\events\evxface.c components\events\evxfevnt.c components\events\evxfgpe.c components\events\evxfregn.c components\hardware\hwacpi.c components\hardware\hwesleep.c components\hardware\hwgpe.c components\hardware\hwpci.c components\hardware\hwregs.c components\hardware\hwsleep.c components\hardware\hwtimer.c components\hardware\hwvalid.c components\hardware\hwxface.c components\hardware\hwxfsleep.c components\interpreter\exconfig.c components\interpreter\exconvrt.c components\interpreter\excreate.c components\interpreter\exdebug.c components\interpreter\exdump.c components\interpreter\exfield.c components\interpreter\exfldio.c components\interpreter\exmisc.c components\interpreter\exmutex.c components\interpreter\exnames.c components\interpreter\exoparg1.c components\interpreter\exoparg2.c components\interpreter\exoparg3.c components\interpreter\exoparg6.c components\interpreter\exprep.c components\interpreter\exregion.c components\interpreter\exresnte.c components\interpreter\exresolv.c components\interpreter\exresop.c components\interpreter\exstore.c components\interpreter\exstoren.c components\interpreter\exstorob.c components\interpreter\exsystem.c components\interpreter\exutils.c components\namespace\nsaccess.c components\namespace\nsalloc.c components\namespace\nsarguments.c components\namespace\nsconvert.c components\namespace\nsdump.c components\namespace\nseval.c components\namespace\nsinit.c components\namespace\nsload.c components\namespace\nsnames.c components\namespace\nsobject.c components\namespace\nsparse.c components\namespace\nspredef.c components\namespace\nsprepkg.c components\namespace\nsrepair.c components\namespace\nsrepair2.c components\namespace\nssearch.c components\namespace\nsutils.c components\namespace\nswalk.c components\namespace\nsxfeval.c components\namespace\nsxfname.c components\namespace\nsxfobj.c components\parser\psargs.c components\parser\psloop.c components\parser\psobject.c components\parser\psopcode.c components\parser\psopinfo.c components\parser\psparse.c components\parser\psscope.c components\parser\pstree.c components\parser\psutils.c components\parser\pswalk.c components\parser\psxface.c components\resources\rsaddr.c components\resources\rscalc.c components\resources\rscreate.c components\resources\rsdump.c components\resources\rsdumpinfo.c components\resources\rsinfo.c components\resources\rsio.c components\resources\rsirq.c components\resources\rslist.c components\resources\rsmemory.c components\resources\rsmisc.c components\resources\rsserial.c components\resources\rsutils.c components\resources\rsxface.c components\tables\tbdata.c components\tables\tbfadt.c components\tables\tbfind.c components\tables\tbinstal.c components\tables\tbprint.c components\tables\tbutils.c components\tables\tbxface.c components\tables\tbxfload.c components\tables\tbxfroot.c components\utilities\utaddress.c components\utilities\utalloc.c components\utilities\utbuffer.c components\utilities\utcache.c components\utilities\utclib.c components\utilities\utcopy.c components\utilities\utdebug.c components\utilities\utdecode.c components\utilities\utdelete.c components\utilities\uterror.c components\utilities\uteval.c components\utilities\utexcep.c components\utilities\utglobal.c components\utilities\uthex.c components\utilities\utids.c components\utilities\utinit.c components\utilities\utlock.c components\utilities\utmath.c components\utilities\utmisc.c components\utilities\utmutex.c components\utilities\utobject.c components\utilities\utosi.c components\utilities\utownerid.c components\utilities\utpredef.c components\utilities\utprint.c components\utilities\utresrc.c components\utilities\utstate.c components\utilities\utstring.c components\utilities\utuuid.c components\utilities\utxface.c components\utilities\utxferror.c components\utilities\utxfinit.c components\utilities\utxfmutex.c
         utxfmutex.c
         utxfinit.c
         utxferror.c
         utxface.c
         utuuid.c
         utstring.c
         utstate.c
         utresrc.c
         utprint.c
         utpredef.c
         utownerid.c
         utosi.c
         utobject.c
         utmutex.c
         utmisc.c
         utmath.c
         utlock.c
         utinit.c
         utids.c
         uthex.c
         Generating Code...
         Compiling...
         utglobal.c
         utexcep.c
         uteval.c
         uterror.c
         utdelete.c
         utdecode.c
         utdebug.c
         utcopy.c
         utclib.c
         utcache.c
         utbuffer.c
         utalloc.c
         utaddress.c
         tbxfroot.c
         tbxfload.c
         tbxface.c
         tbutils.c
         tbprint.c
         tbinstal.c
         tbfind.c
         Generating Code...
         Compiling...
         tbfadt.c
         tbdata.c
         rsxface.c
         rsutils.c
         rsserial.c
         rsmisc.c
         rsmemory.c
         rslist.c
         rsirq.c
         rsio.c
         rsinfo.c
         rsdumpinfo.c
         rsdump.c
         rscreate.c
         rscalc.c
         rsaddr.c
         psxface.c
         pswalk.c
         psutils.c
         pstree.c
         Generating Code...
         Compiling...
         psscope.c
         psparse.c
         psopinfo.c
         psopcode.c
         psobject.c
         psloop.c
         psargs.c
         nsxfobj.c
         nsxfname.c
         nsxfeval.c
         nswalk.c
         nsutils.c
         nssearch.c
         nsrepair2.c
     1>components\namespace\nsrepair2.c(241): warning C4047: 'initializing' : 'ACPI_REPAIR_FUNCTION' differs in levels of indirection from 'char'
     1>components\namespace\nsrepair2.c(242): warning C4047: 'initializing' : 'ACPI_REPAIR_FUNCTION' differs in levels of indirection from 'char'
     1>components\namespace\nsrepair2.c(243): warning C4047: 'initializing' : 'ACPI_REPAIR_FUNCTION' differs in levels of indirection from 'char'
     1>components\namespace\nsrepair2.c(244): warning C4047: 'initializing' : 'ACPI_REPAIR_FUNCTION' differs in levels of indirection from 'char'
     1>components\namespace\nsrepair2.c(245): warning C4047: 'initializing' : 'ACPI_REPAIR_FUNCTION' differs in levels of indirection from 'char'
     1>components\namespace\nsrepair2.c(246): warning C4047: 'initializing' : 'ACPI_REPAIR_FUNCTION' differs in levels of indirection from 'char'
     1>components\namespace\nsrepair2.c(247): warning C4047: 'initializing' : 'ACPI_REPAIR_FUNCTION' differs in levels of indirection from 'char'
     1>components\namespace\nsrepair2.c(248): warning C4047: 'initializing' : 'ACPI_REPAIR_FUNCTION' differs in levels of indirection from 'char'
     1>components\namespace\nsrepair2.c(249): warning C4047: 'initializing' : 'ACPI_REPAIR_FUNCTION' differs in levels of indirection from 'char'
         nsrepair.c
     1>components\namespace\nsrepair.c(181): warning C4047: 'initializing' : 'ACPI_OBJECT_CONVERTER' differs in levels of indirection from 'char'
     1>components\namespace\nsrepair.c(184): warning C4047: 'initializing' : 'ACPI_OBJECT_CONVERTER' differs in levels of indirection from 'char'
     1>components\namespace\nsrepair.c(187): warning C4047: 'initializing' : 'ACPI_OBJECT_CONVERTER' differs in levels of indirection from 'char'
     1>components\namespace\nsrepair.c(192): warning C4047: 'initializing' : 'ACPI_OBJECT_CONVERTER' differs in levels of indirection from 'char'
     1>components\namespace\nsrepair.c(195): warning C4047: 'initializing' : 'ACPI_OBJECT_CONVERTER' differs in levels of indirection from 'char'
         nsprepkg.c
         nspredef.c
         nsparse.c
         nsobject.c
         nsnames.c
         Generating Code...
         Compiling...
         nsload.c
         nsinit.c
         nseval.c
         nsdump.c
         nsconvert.c
         nsarguments.c
         nsalloc.c
         nsaccess.c
         exutils.c
         exsystem.c
         exstorob.c
         exstoren.c
         exstore.c
         exresop.c
         exresolv.c
         exresnte.c
         exregion.c
         exprep.c
         exoparg6.c
         exoparg3.c
         Generating Code...
         Compiling...
         exoparg2.c
         exoparg1.c
         exnames.c
         exmutex.c
         exmisc.c
         exfldio.c
         exfield.c
         exdump.c
         exdebug.c
         excreate.c
         exconvrt.c
         exconfig.c
         hwxfsleep.c
         hwxface.c
         hwvalid.c
         hwtimer.c
         hwsleep.c
         hwregs.c
         hwpci.c
         hwgpe.c
         Generating Code...
         Compiling...
         hwesleep.c
         hwacpi.c
         evxfregn.c
         evxfgpe.c
         evxfevnt.c
         evxface.c
         evsci.c
         evrgnini.c
         evregion.c
         evmisc.c
         evhandler.c
         evgpeutil.c
         evgpeinit.c
         evgpeblk.c
         evgpe.c
         evglock.c
         evevent.c
         dswstate.c
         dswscope.c
         dswload2.c
         Generating Code...
         Compiling...
         dswload.c
         dswexec.c
         dsutils.c
         dsopcode.c
         dsobject.c
         dsmthdat.c
         dsmethod.c
         dsinit.c
         dsfield.c
         dscontrol.c
         dsargc.c
         dmwalk.c
         dmutils.c
         dmresrcs.c
         dmresrcl2.c
         dmresrcl.c
         dmresrc.c
         dmopcode.c
         dmobject.c
         dmnames.c
         Generating Code...
         Compiling...
         dmdeferred.c
         dmcstyle.c
         dmbuffer.c
         dbxface.c
         dbutils.c
         dbtest.c
         dbstats.c
         dbnames.c
         dbmethod.c
         dbinput.c
         dbhistry.c
         dbfileio.c
         dbexec.c
         dbdisply.c
         dbconvert.c
         dbcmds.c
         getopt.c
         dmtbinfo.c
         dmtbdump.c
         cmfsize.c
     1>E:\Xeneva Project\Xeneva\Aurora\include\string.h(27): warning C4028: formal parameter 1 different from declaration
     1>E:\Xeneva Project\Xeneva\Aurora\include\string.h(34): warning C4028: formal parameter 1 different from declaration
     1>E:\Xeneva Project\Xeneva\Aurora\include\string.h(34): warning C4028: formal parameter 2 different from declaration
         Generating Code...
         Compiling...
         ahuuids.c
         ahtable.c
         ahpredef.c
         ahids.c
         adwalk.c
         acgetline.c
     1>E:\Xeneva Project\Xeneva\Aurora\include\string.h(27): warning C4028: formal parameter 1 different from declaration
     1>E:\Xeneva Project\Xeneva\Aurora\include\string.h(34): warning C4028: formal parameter 1 different from declaration
     1>E:\Xeneva Project\Xeneva\Aurora\include\string.h(34): warning C4028: formal parameter 2 different from declaration
         Generating Code...
         C:\Program Files (x86)\Microsoft Visual Studio 11.0\VC\bin\x86_amd64\CL.exe /c /I"E:\Xeneva Project\Xeneva\Aurora\acpica\include" /I"E:\Xeneva Project\Xeneva\Aurora\include" /Zi /nologo /W1 /WX- /O1 /Ob1 /Os /Oy /D ARCH_X64 /D PROCESSOR_ARCHITECHTURE=X64 /D X64 /D ACPI_MACHINE_WIDTH=64 /D ACPI_DEBUGGER /D ACPI_DISASSEMBLER /D _MBCS /X /Gm /MTd /Zp1 /GS- /fp:precise /Zc:wchar_t /Zc:forScope /GR- /Fo"x64\Debug\\" /Fd"x64\Debug\vc110.pdb" /Gd /TP /errorReport:prompt components\xeneva\xenevaosi.cpp
         xenevaosi.cpp
     1>E:\Xeneva Project\Xeneva\Aurora\include\va_list.h(34): warning C4005: 'va_start' : macro redefinition
                 e:\xeneva project\xeneva\aurora\acpica\include\acenv.h(458) : see previous definition of 'va_start'
     1>E:\Xeneva Project\Xeneva\Aurora\include\va_list.h(36): warning C4005: 'va_end' : macro redefinition
                 e:\xeneva project\xeneva\aurora\acpica\include\acenv.h(457) : see previous definition of 'va_end'
     1>E:\Xeneva Project\Xeneva\Aurora\include\va_list.h(39): warning C4005: 'va_arg' : macro redefinition
                 e:\xeneva project\xeneva\aurora\acpica\include\acenv.h(456) : see previous definition of 'va_arg'
     1>E:\Xeneva Project\Xeneva\Aurora\include\stdarg.h(48): warning C4005: 'va_start' : macro redefinition
                 E:\Xeneva Project\Xeneva\Aurora\include\va_list.h(34) : see previous definition of 'va_start'
     1>E:\Xeneva Project\Xeneva\Aurora\include\stdarg.h(54): warning C4005: 'va_arg' : macro redefinition
                 E:\Xeneva Project\Xeneva\Aurora\include\va_list.h(39) : see previous definition of 'va_arg'
     1>E:\Xeneva Project\Xeneva\Aurora\include\ctype.h(33): warning C4005: 'isascii' : macro redefinition
                 E:\Xeneva Project\Xeneva\Aurora\include\ctype.h(22) : see previous definition of 'isascii'
       Lib:
         C:\Program Files (x86)\Microsoft Visual Studio 11.0\VC\bin\x86_amd64\Lib.exe /OUT:"E:\Xeneva Project\Xeneva\Aurora\x64\Debug\acpica.lib" /NOLOGO /MACHINE:X64 x64\Debug\acgetline.obj
         x64\Debug\adwalk.obj
         x64\Debug\ahids.obj
         x64\Debug\ahpredef.obj
         x64\Debug\ahtable.obj
         x64\Debug\ahuuids.obj
         x64\Debug\cmfsize.obj
         x64\Debug\dmtbdump.obj
         x64\Debug\dmtbinfo.obj
         x64\Debug\getopt.obj
         x64\Debug\dbcmds.obj
         x64\Debug\dbconvert.obj
         x64\Debug\dbdisply.obj
         x64\Debug\dbexec.obj
         x64\Debug\dbfileio.obj
         x64\Debug\dbhistry.obj
         x64\Debug\dbinput.obj
         x64\Debug\dbmethod.obj
         x64\Debug\dbnames.obj
         x64\Debug\dbstats.obj
         x64\Debug\dbtest.obj
         x64\Debug\dbutils.obj
         x64\Debug\dbxface.obj
         x64\Debug\dmbuffer.obj
         x64\Debug\dmcstyle.obj
         x64\Debug\dmdeferred.obj
         x64\Debug\dmnames.obj
         x64\Debug\dmobject.obj
         x64\Debug\dmopcode.obj
         x64\Debug\dmresrc.obj
         x64\Debug\dmresrcl.obj
         x64\Debug\dmresrcl2.obj
         x64\Debug\dmresrcs.obj
         x64\Debug\dmutils.obj
         x64\Debug\dmwalk.obj
         x64\Debug\dsargc.obj
         x64\Debug\dscontrol.obj
         x64\Debug\dsfield.obj
         x64\Debug\dsinit.obj
         x64\Debug\dsmethod.obj
         x64\Debug\dsmthdat.obj
         x64\Debug\dsobject.obj
         x64\Debug\dsopcode.obj
         x64\Debug\dsutils.obj
         x64\Debug\dswexec.obj
         x64\Debug\dswload.obj
         x64\Debug\dswload2.obj
         x64\Debug\dswscope.obj
         x64\Debug\dswstate.obj
         x64\Debug\evevent.obj
         x64\Debug\evglock.obj
         x64\Debug\evgpe.obj
         x64\Debug\evgpeblk.obj
         x64\Debug\evgpeinit.obj
         x64\Debug\evgpeutil.obj
         x64\Debug\evhandler.obj
         x64\Debug\evmisc.obj
         x64\Debug\evregion.obj
         x64\Debug\evrgnini.obj
         x64\Debug\evsci.obj
         x64\Debug\evxface.obj
         x64\Debug\evxfevnt.obj
         x64\Debug\evxfgpe.obj
         x64\Debug\evxfregn.obj
         x64\Debug\hwacpi.obj
         x64\Debug\hwesleep.obj
         x64\Debug\hwgpe.obj
         x64\Debug\hwpci.obj
         x64\Debug\hwregs.obj
         x64\Debug\hwsleep.obj
         x64\Debug\hwtimer.obj
         x64\Debug\hwvalid.obj
         x64\Debug\hwxface.obj
         x64\Debug\hwxfsleep.obj
         x64\Debug\exconfig.obj
         x64\Debug\exconvrt.obj
         x64\Debug\excreate.obj
         x64\Debug\exdebug.obj
         x64\Debug\exdump.obj
         x64\Debug\exfield.obj
         x64\Debug\exfldio.obj
         x64\Debug\exmisc.obj
         x64\Debug\exmutex.obj
         x64\Debug\exnames.obj
         x64\Debug\exoparg1.obj
         x64\Debug\exoparg2.obj
         x64\Debug\exoparg3.obj
         x64\Debug\exoparg6.obj
         x64\Debug\exprep.obj
         x64\Debug\exregion.obj
         x64\Debug\exresnte.obj
         x64\Debug\exresolv.obj
         x64\Debug\exresop.obj
         x64\Debug\exstore.obj
         x64\Debug\exstoren.obj
         x64\Debug\exstorob.obj
         x64\Debug\exsystem.obj
         x64\Debug\exutils.obj
         x64\Debug\nsaccess.obj
         x64\Debug\nsalloc.obj
         x64\Debug\nsarguments.obj
         x64\Debug\nsconvert.obj
         x64\Debug\nsdump.obj
         x64\Debug\nseval.obj
         x64\Debug\nsinit.obj
         x64\Debug\nsload.obj
         x64\Debug\nsnames.obj
         x64\Debug\nsobject.obj
         x64\Debug\nsparse.obj
         x64\Debug\nspredef.obj
         x64\Debug\nsprepkg.obj
         x64\Debug\nsrepair.obj
         x64\Debug\nsrepair2.obj
         x64\Debug\nssearch.obj
         x64\Debug\nsutils.obj
         x64\Debug\nswalk.obj
         x64\Debug\nsxfeval.obj
         x64\Debug\nsxfname.obj
         x64\Debug\nsxfobj.obj
         x64\Debug\psargs.obj
         x64\Debug\psloop.obj
         x64\Debug\psobject.obj
         x64\Debug\psopcode.obj
         x64\Debug\psopinfo.obj
         x64\Debug\psparse.obj
         x64\Debug\psscope.obj
         x64\Debug\pstree.obj
         x64\Debug\psutils.obj
         x64\Debug\pswalk.obj
         x64\Debug\psxface.obj
         x64\Debug\rsaddr.obj
         x64\Debug\rscalc.obj
         x64\Debug\rscreate.obj
         x64\Debug\rsdump.obj
         x64\Debug\rsdumpinfo.obj
         x64\Debug\rsinfo.obj
         x64\Debug\rsio.obj
         x64\Debug\rsirq.obj
         x64\Debug\rslist.obj
         x64\Debug\rsmemory.obj
         x64\Debug\rsmisc.obj
         x64\Debug\rsserial.obj
         x64\Debug\rsutils.obj
         x64\Debug\rsxface.obj
         x64\Debug\tbdata.obj
         x64\Debug\tbfadt.obj
         x64\Debug\tbfind.obj
         x64\Debug\tbinstal.obj
         x64\Debug\tbprint.obj
         x64\Debug\tbutils.obj
         x64\Debug\tbxface.obj
         x64\Debug\tbxfload.obj
         x64\Debug\tbxfroot.obj
         x64\Debug\utaddress.obj
         x64\Debug\utalloc.obj
         x64\Debug\utbuffer.obj
         x64\Debug\utcache.obj
         x64\Debug\utclib.obj
         x64\Debug\utcopy.obj
         x64\Debug\utdebug.obj
         x64\Debug\utdecode.obj
         x64\Debug\utdelete.obj
         x64\Debug\uterror.obj
         x64\Debug\uteval.obj
         x64\Debug\utexcep.obj
         x64\Debug\utglobal.obj
         x64\Debug\uthex.obj
         x64\Debug\utids.obj
         x64\Debug\utinit.obj
         x64\Debug\utlock.obj
         x64\Debug\utmath.obj
         x64\Debug\utmisc.obj
         x64\Debug\utmutex.obj
         x64\Debug\utobject.obj
         x64\Debug\utosi.obj
         x64\Debug\utownerid.obj
         x64\Debug\utpredef.obj
         x64\Debug\utprint.obj
         x64\Debug\utresrc.obj
         x64\Debug\utstate.obj
         x64\Debug\utstring.obj
         x64\Debug\utuuid.obj
         x64\Debug\utxface.obj
         x64\Debug\utxferror.obj
         x64\Debug\utxfinit.obj
         x64\Debug\utxfmutex.obj
         x64\Debug\xenevaosi.obj
     1>utdebug.obj : warning LNK4221: This object file does not define any previously undefined public symbols, so it will not be used by any link operation that consumes this library
     1>utcache.obj : warning LNK4221: This object file does not define any previously undefined public symbols, so it will not be used by any link operation that consumes this library
     1>acgetline.obj : warning LNK4006: AcpiOsGetLine already defined in xenevaosi.obj; second definition ignored
     1>acgetline.obj : warning LNK4221: This object file does not define any previously undefined public symbols, so it will not be used by any link operation that consumes this library
         acpica.vcxproj -> E:\Xeneva Project\Xeneva\Aurora\x64\Debug\acpica.lib
     1>Done Building Project "E:\Xeneva Project\Xeneva\Aurora\acpica\acpica.vcxproj" (Rebuild target(s)).

Build succeeded.

Time Elapsed 00:00:12.83
