E:\XENEVA PROJECT\XENEVA\AURORA\ACPICA\X64\DEBUG\UTHEX.OBJ
E:\XENEVA PROJECT\XENEVA\AURORA\ACPICA\X64\DEBUG\UTIDS.OBJ
E:\XENEVA PROJECT\XENEVA\AURORA\ACPICA\X64\DEBUG\UTINIT.OBJ
E:\XENEVA PROJECT\XENEVA\AURORA\ACPICA\X64\DEBUG\UTLOCK.OBJ
E:\XENEVA PROJECT\XENEVA\AURORA\ACPICA\X64\DEBUG\UTMATH.OBJ
E:\XENEVA PROJECT\XENEVA\AURORA\ACPICA\X64\DEBUG\UTMISC.OBJ
E:\XENEVA PROJECT\XENEVA\AURORA\ACPICA\X64\DEBUG\UTMUTEX.OBJ
E:\XENEVA PROJECT\XENEVA\AURORA\ACPICA\X64\DEBUG\UTOBJECT.OBJ
E:\XENEVA PROJECT\XENEVA\AURORA\ACPICA\X64\DEBUG\UTOSI.OBJ
E:\XENEVA PROJECT\XENEVA\AURORA\ACPICA\X64\DEBUG\UTOWNERID.OBJ
E:\XENEVA PROJECT\XENEVA\AURORA\ACPICA\X64\DEBUG\UTPREDEF.OBJ
E:\XENEVA PROJECT\XENEVA\AURORA\ACPICA\X64\DEBUG\UTPRINT.OBJ
E:\XENEVA PROJECT\XENEVA\AURORA\ACPICA\X64\DEBUG\UTRESRC.OBJ
E:\XENEVA PROJECT\XENEVA\AURORA\ACPICA\X64\DEBUG\UTSTATE.OBJ
E:\XENEVA PROJECT\XENEVA\AURORA\ACPICA\X64\DEBUG\UTSTRING.OBJ
E:\XENEVA PROJECT\XENEVA\AURORA\ACPICA\X64\DEBUG\UTUUID.OBJ
E:\XENEVA PROJECT\XENEVA\AURORA\ACPICA\X64\DEBUG\UTXFACE.OBJ
E:\XENEVA PROJECT\XENEVA\AURORA\ACPICA\X64\DEBUG\UTXFERROR.OBJ
E:\XENEVA PROJECT\XENEVA\AURORA\ACPICA\X64\DEBUG\UTXFINIT.OBJ
E:\XENEVA PROJECT\XENEVA\AURORA\ACPICA\X64\DEBUG\UTXFMUTEX.OBJ
E:\XENEVA PROJECT\XENEVA\AURORA\ACPICA\X64\DEBUG\TBFIND.OBJ
E:\XENEVA PROJECT\XENEVA\AURORA\ACPICA\X64\DEBUG\TBINSTAL.OBJ
E:\XENEVA PROJECT\XENEVA\AURORA\ACPICA\X64\DEBUG\TBPRINT.OBJ
E:\XENEVA PROJECT\XENEVA\AURORA\ACPICA\X64\DEBUG\TBUTILS.OBJ
E:\XENEVA PROJECT\XENEVA\AURORA\ACPICA\X64\DEBUG\TBXFACE.OBJ
E:\XENEVA PROJECT\XENEVA\AURORA\ACPICA\X64\DEBUG\TBXFLOAD.OBJ
E:\XENEVA PROJECT\XENEVA\AURORA\ACPICA\X64\DEBUG\TBXFROOT.OBJ
E:\XENEVA PROJECT\XENEVA\AURORA\ACPICA\X64\DEBUG\UTADDRESS.OBJ
E:\XENEVA PROJECT\XENEVA\AURORA\ACPICA\X64\DEBUG\UTALLOC.OBJ
E:\XENEVA PROJECT\XENEVA\AURORA\ACPICA\X64\DEBUG\UTBUFFER.OBJ
E:\XENEVA PROJECT\XENEVA\AURORA\ACPICA\X64\DEBUG\UTCACHE.OBJ
E:\XENEVA PROJECT\XENEVA\AURORA\ACPICA\X64\DEBUG\UTCLIB.OBJ
E:\XENEVA PROJECT\XENEVA\AURORA\ACPICA\X64\DEBUG\UTCOPY.OBJ
E:\XENEVA PROJECT\XENEVA\AURORA\ACPICA\X64\DEBUG\UTDEBUG.OBJ
E:\XENEVA PROJECT\XENEVA\AURORA\ACPICA\X64\DEBUG\UTDECODE.OBJ
E:\XENEVA PROJECT\XENEVA\AURORA\ACPICA\X64\DEBUG\UTDELETE.OBJ
E:\XENEVA PROJECT\XENEVA\AURORA\ACPICA\X64\DEBUG\UTERROR.OBJ
E:\XENEVA PROJECT\XENEVA\AURORA\ACPICA\X64\DEBUG\UTEVAL.OBJ
E:\XENEVA PROJECT\XENEVA\AURORA\ACPICA\X64\DEBUG\UTEXCEP.OBJ
E:\XENEVA PROJECT\XENEVA\AURORA\ACPICA\X64\DEBUG\UTGLOBAL.OBJ
E:\XENEVA PROJECT\XENEVA\AURORA\ACPICA\X64\DEBUG\PSTREE.OBJ
E:\XENEVA PROJECT\XENEVA\AURORA\ACPICA\X64\DEBUG\PSUTILS.OBJ
E:\XENEVA PROJECT\XENEVA\AURORA\ACPICA\X64\DEBUG\PSWALK.OBJ
E:\XENEVA PROJECT\XENEVA\AURORA\ACPICA\X64\DEBUG\PSXFACE.OBJ
E:\XENEVA PROJECT\XENEVA\AURORA\ACPICA\X64\DEBUG\RSADDR.OBJ
E:\XENEVA PROJECT\XENEVA\AURORA\ACPICA\X64\DEBUG\RSCALC.OBJ
E:\XENEVA PROJECT\XENEVA\AURORA\ACPICA\X64\DEBUG\RSCREATE.OBJ
E:\XENEVA PROJECT\XENEVA\AURORA\ACPICA\X64\DEBUG\RSDUMP.OBJ
E:\XENEVA PROJECT\XENEVA\AURORA\ACPICA\X64\DEBUG\RSDUMPINFO.OBJ
E:\XENEVA PROJECT\XENEVA\AURORA\ACPICA\X64\DEBUG\RSINFO.OBJ
E:\XENEVA PROJECT\XENEVA\AURORA\ACPICA\X64\DEBUG\RSIO.OBJ
E:\XENEVA PROJECT\XENEVA\AURORA\ACPICA\X64\DEBUG\RSIRQ.OBJ
E:\XENEVA PROJECT\XENEVA\AURORA\ACPICA\X64\DEBUG\RSLIST.OBJ
E:\XENEVA PROJECT\XENEVA\AURORA\ACPICA\X64\DEBUG\RSMEMORY.OBJ
E:\XENEVA PROJECT\XENEVA\AURORA\ACPICA\X64\DEBUG\RSMISC.OBJ
E:\XENEVA PROJECT\XENEVA\AURORA\ACPICA\X64\DEBUG\RSSERIAL.OBJ
E:\XENEVA PROJECT\XENEVA\AURORA\ACPICA\X64\DEBUG\RSUTILS.OBJ
E:\XENEVA PROJECT\XENEVA\AURORA\ACPICA\X64\DEBUG\RSXFACE.OBJ
E:\XENEVA PROJECT\XENEVA\AURORA\ACPICA\X64\DEBUG\TBDATA.OBJ
E:\XENEVA PROJECT\XENEVA\AURORA\ACPICA\X64\DEBUG\TBFADT.OBJ
E:\XENEVA PROJECT\XENEVA\AURORA\ACPICA\X64\DEBUG\NSNAMES.OBJ
E:\XENEVA PROJECT\XENEVA\AURORA\ACPICA\X64\DEBUG\NSOBJECT.OBJ
E:\XENEVA PROJECT\XENEVA\AURORA\ACPICA\X64\DEBUG\NSPARSE.OBJ
E:\XENEVA PROJECT\XENEVA\AURORA\ACPICA\X64\DEBUG\NSPREDEF.OBJ
E:\XENEVA PROJECT\XENEVA\AURORA\ACPICA\X64\DEBUG\NSPREPKG.OBJ
E:\XENEVA PROJECT\XENEVA\AURORA\ACPICA\X64\DEBUG\NSREPAIR.OBJ
E:\XENEVA PROJECT\XENEVA\AURORA\ACPICA\X64\DEBUG\NSREPAIR2.OBJ
E:\XENEVA PROJECT\XENEVA\AURORA\ACPICA\X64\DEBUG\NSSEARCH.OBJ
E:\XENEVA PROJECT\XENEVA\AURORA\ACPICA\X64\DEBUG\NSUTILS.OBJ
E:\XENEVA PROJECT\XENEVA\AURORA\ACPICA\X64\DEBUG\NSWALK.OBJ
E:\XENEVA PROJECT\XENEVA\AURORA\ACPICA\X64\DEBUG\NSXFEVAL.OBJ
E:\XENEVA PROJECT\XENEVA\AURORA\ACPICA\X64\DEBUG\NSXFNAME.OBJ
E:\XENEVA PROJECT\XENEVA\AURORA\ACPICA\X64\DEBUG\NSXFOBJ.OBJ
E:\XENEVA PROJECT\XENEVA\AURORA\ACPICA\X64\DEBUG\PSARGS.OBJ
E:\XENEVA PROJECT\XENEVA\AURORA\ACPICA\X64\DEBUG\PSLOOP.OBJ
E:\XENEVA PROJECT\XENEVA\AURORA\ACPICA\X64\DEBUG\PSOBJECT.OBJ
E:\XENEVA PROJECT\XENEVA\AURORA\ACPICA\X64\DEBUG\PSOPCODE.OBJ
E:\XENEVA PROJECT\XENEVA\AURORA\ACPICA\X64\DEBUG\PSOPINFO.OBJ
E:\XENEVA PROJECT\XENEVA\AURORA\ACPICA\X64\DEBUG\PSPARSE.OBJ
E:\XENEVA PROJECT\XENEVA\AURORA\ACPICA\X64\DEBUG\PSSCOPE.OBJ
E:\XENEVA PROJECT\XENEVA\AURORA\ACPICA\X64\DEBUG\EXOPARG3.OBJ
E:\XENEVA PROJECT\XENEVA\AURORA\ACPICA\X64\DEBUG\EXOPARG6.OBJ
E:\XENEVA PROJECT\XENEVA\AURORA\ACPICA\X64\DEBUG\EXPREP.OBJ
E:\XENEVA PROJECT\XENEVA\AURORA\ACPICA\X64\DEBUG\EXREGION.OBJ
E:\XENEVA PROJECT\XENEVA\AURORA\ACPICA\X64\DEBUG\EXRESNTE.OBJ
E:\XENEVA PROJECT\XENEVA\AURORA\ACPICA\X64\DEBUG\EXRESOLV.OBJ
E:\XENEVA PROJECT\XENEVA\AURORA\ACPICA\X64\DEBUG\EXRESOP.OBJ
E:\XENEVA PROJECT\XENEVA\AURORA\ACPICA\X64\DEBUG\EXSTORE.OBJ
E:\XENEVA PROJECT\XENEVA\AURORA\ACPICA\X64\DEBUG\EXSTOREN.OBJ
E:\XENEVA PROJECT\XENEVA\AURORA\ACPICA\X64\DEBUG\EXSTOROB.OBJ
E:\XENEVA PROJECT\XENEVA\AURORA\ACPICA\X64\DEBUG\EXSYSTEM.OBJ
E:\XENEVA PROJECT\XENEVA\AURORA\ACPICA\X64\DEBUG\EXUTILS.OBJ
E:\XENEVA PROJECT\XENEVA\AURORA\ACPICA\X64\DEBUG\NSACCESS.OBJ
E:\XENEVA PROJECT\XENEVA\AURORA\ACPICA\X64\DEBUG\NSALLOC.OBJ
E:\XENEVA PROJECT\XENEVA\AURORA\ACPICA\X64\DEBUG\NSARGUMENTS.OBJ
E:\XENEVA PROJECT\XENEVA\AURORA\ACPICA\X64\DEBUG\NSCONVERT.OBJ
E:\XENEVA PROJECT\XENEVA\AURORA\ACPICA\X64\DEBUG\NSDUMP.OBJ
E:\XENEVA PROJECT\XENEVA\AURORA\ACPICA\X64\DEBUG\NSEVAL.OBJ
E:\XENEVA PROJECT\XENEVA\AURORA\ACPICA\X64\DEBUG\NSINIT.OBJ
E:\XENEVA PROJECT\XENEVA\AURORA\ACPICA\X64\DEBUG\NSLOAD.OBJ
E:\XENEVA PROJECT\XENEVA\AURORA\ACPICA\X64\DEBUG\HWGPE.OBJ
E:\XENEVA PROJECT\XENEVA\AURORA\ACPICA\X64\DEBUG\HWPCI.OBJ
E:\XENEVA PROJECT\XENEVA\AURORA\ACPICA\X64\DEBUG\HWREGS.OBJ
E:\XENEVA PROJECT\XENEVA\AURORA\ACPICA\X64\DEBUG\HWSLEEP.OBJ
E:\XENEVA PROJECT\XENEVA\AURORA\ACPICA\X64\DEBUG\HWTIMER.OBJ
E:\XENEVA PROJECT\XENEVA\AURORA\ACPICA\X64\DEBUG\HWVALID.OBJ
E:\XENEVA PROJECT\XENEVA\AURORA\ACPICA\X64\DEBUG\HWXFACE.OBJ
E:\XENEVA PROJECT\XENEVA\AURORA\ACPICA\X64\DEBUG\HWXFSLEEP.OBJ
E:\XENEVA PROJECT\XENEVA\AURORA\ACPICA\X64\DEBUG\EXCONFIG.OBJ
E:\XENEVA PROJECT\XENEVA\AURORA\ACPICA\X64\DEBUG\EXCONVRT.OBJ
E:\XENEVA PROJECT\XENEVA\AURORA\ACPICA\X64\DEBUG\EXCREATE.OBJ
E:\XENEVA PROJECT\XENEVA\AURORA\ACPICA\X64\DEBUG\EXDEBUG.OBJ
E:\XENEVA PROJECT\XENEVA\AURORA\ACPICA\X64\DEBUG\EXDUMP.OBJ
E:\XENEVA PROJECT\XENEVA\AURORA\ACPICA\X64\DEBUG\EXFIELD.OBJ
E:\XENEVA PROJECT\XENEVA\AURORA\ACPICA\X64\DEBUG\EXFLDIO.OBJ
E:\XENEVA PROJECT\XENEVA\AURORA\ACPICA\X64\DEBUG\EXMISC.OBJ
E:\XENEVA PROJECT\XENEVA\AURORA\ACPICA\X64\DEBUG\EXMUTEX.OBJ
E:\XENEVA PROJECT\XENEVA\AURORA\ACPICA\X64\DEBUG\EXNAMES.OBJ
E:\XENEVA PROJECT\XENEVA\AURORA\ACPICA\X64\DEBUG\EXOPARG1.OBJ
E:\XENEVA PROJECT\XENEVA\AURORA\ACPICA\X64\DEBUG\EXOPARG2.OBJ
E:\XENEVA PROJECT\XENEVA\AURORA\ACPICA\X64\DEBUG\DSWLOAD2.OBJ
E:\XENEVA PROJECT\XENEVA\AURORA\ACPICA\X64\DEBUG\DSWSCOPE.OBJ
E:\XENEVA PROJECT\XENEVA\AURORA\ACPICA\X64\DEBUG\DSWSTATE.OBJ
E:\XENEVA PROJECT\XENEVA\AURORA\ACPICA\X64\DEBUG\EVEVENT.OBJ
E:\XENEVA PROJECT\XENEVA\AURORA\ACPICA\X64\DEBUG\EVGLOCK.OBJ
E:\XENEVA PROJECT\XENEVA\AURORA\ACPICA\X64\DEBUG\EVGPE.OBJ
E:\XENEVA PROJECT\XENEVA\AURORA\ACPICA\X64\DEBUG\EVGPEBLK.OBJ
E:\XENEVA PROJECT\XENEVA\AURORA\ACPICA\X64\DEBUG\EVGPEINIT.OBJ
E:\XENEVA PROJECT\XENEVA\AURORA\ACPICA\X64\DEBUG\EVGPEUTIL.OBJ
E:\XENEVA PROJECT\XENEVA\AURORA\ACPICA\X64\DEBUG\EVHANDLER.OBJ
E:\XENEVA PROJECT\XENEVA\AURORA\ACPICA\X64\DEBUG\EVMISC.OBJ
E:\XENEVA PROJECT\XENEVA\AURORA\ACPICA\X64\DEBUG\EVREGION.OBJ
E:\XENEVA PROJECT\XENEVA\AURORA\ACPICA\X64\DEBUG\EVRGNINI.OBJ
E:\XENEVA PROJECT\XENEVA\AURORA\ACPICA\X64\DEBUG\EVSCI.OBJ
E:\XENEVA PROJECT\XENEVA\AURORA\ACPICA\X64\DEBUG\EVXFACE.OBJ
E:\XENEVA PROJECT\XENEVA\AURORA\ACPICA\X64\DEBUG\EVXFEVNT.OBJ
E:\XENEVA PROJECT\XENEVA\AURORA\ACPICA\X64\DEBUG\EVXFGPE.OBJ
E:\XENEVA PROJECT\XENEVA\AURORA\ACPICA\X64\DEBUG\EVXFREGN.OBJ
E:\XENEVA PROJECT\XENEVA\AURORA\ACPICA\X64\DEBUG\HWACPI.OBJ
E:\XENEVA PROJECT\XENEVA\AURORA\ACPICA\X64\DEBUG\HWESLEEP.OBJ
E:\XENEVA PROJECT\XENEVA\AURORA\ACPICA\X64\DEBUG\DMNAMES.OBJ
E:\XENEVA PROJECT\XENEVA\AURORA\ACPICA\X64\DEBUG\DMOBJECT.OBJ
E:\XENEVA PROJECT\XENEVA\AURORA\ACPICA\X64\DEBUG\DMOPCODE.OBJ
E:\XENEVA PROJECT\XENEVA\AURORA\ACPICA\X64\DEBUG\DMRESRC.OBJ
E:\XENEVA PROJECT\XENEVA\AURORA\ACPICA\X64\DEBUG\DMRESRCL.OBJ
E:\XENEVA PROJECT\XENEVA\AURORA\ACPICA\X64\DEBUG\DMRESRCL2.OBJ
E:\XENEVA PROJECT\XENEVA\AURORA\ACPICA\X64\DEBUG\DMRESRCS.OBJ
E:\XENEVA PROJECT\XENEVA\AURORA\ACPICA\X64\DEBUG\DMUTILS.OBJ
E:\XENEVA PROJECT\XENEVA\AURORA\ACPICA\X64\DEBUG\DMWALK.OBJ
E:\XENEVA PROJECT\XENEVA\AURORA\ACPICA\X64\DEBUG\DSARGC.OBJ
E:\XENEVA PROJECT\XENEVA\AURORA\ACPICA\X64\DEBUG\DSCONTROL.OBJ
E:\XENEVA PROJECT\XENEVA\AURORA\ACPICA\X64\DEBUG\DSFIELD.OBJ
E:\XENEVA PROJECT\XENEVA\AURORA\ACPICA\X64\DEBUG\DSINIT.OBJ
E:\XENEVA PROJECT\XENEVA\AURORA\ACPICA\X64\DEBUG\DSMETHOD.OBJ
E:\XENEVA PROJECT\XENEVA\AURORA\ACPICA\X64\DEBUG\DSMTHDAT.OBJ
E:\XENEVA PROJECT\XENEVA\AURORA\ACPICA\X64\DEBUG\DSOBJECT.OBJ
E:\XENEVA PROJECT\XENEVA\AURORA\ACPICA\X64\DEBUG\DSOPCODE.OBJ
E:\XENEVA PROJECT\XENEVA\AURORA\ACPICA\X64\DEBUG\DSUTILS.OBJ
E:\XENEVA PROJECT\XENEVA\AURORA\ACPICA\X64\DEBUG\DSWEXEC.OBJ
E:\XENEVA PROJECT\XENEVA\AURORA\ACPICA\X64\DEBUG\DSWLOAD.OBJ
E:\XENEVA PROJECT\XENEVA\AURORA\ACPICA\X64\DEBUG\DMTBDUMP.OBJ
E:\XENEVA PROJECT\XENEVA\AURORA\ACPICA\X64\DEBUG\DMTBINFO.OBJ
E:\XENEVA PROJECT\XENEVA\AURORA\ACPICA\X64\DEBUG\GETOPT.OBJ
E:\XENEVA PROJECT\XENEVA\AURORA\ACPICA\X64\DEBUG\DBCMDS.OBJ
E:\XENEVA PROJECT\XENEVA\AURORA\ACPICA\X64\DEBUG\DBCONVERT.OBJ
E:\XENEVA PROJECT\XENEVA\AURORA\ACPICA\X64\DEBUG\DBDISPLY.OBJ
E:\XENEVA PROJECT\XENEVA\AURORA\ACPICA\X64\DEBUG\DBEXEC.OBJ
E:\XENEVA PROJECT\XENEVA\AURORA\ACPICA\X64\DEBUG\DBFILEIO.OBJ
E:\XENEVA PROJECT\XENEVA\AURORA\ACPICA\X64\DEBUG\DBHISTRY.OBJ
E:\XENEVA PROJECT\XENEVA\AURORA\ACPICA\X64\DEBUG\DBINPUT.OBJ
E:\XENEVA PROJECT\XENEVA\AURORA\ACPICA\X64\DEBUG\DBMETHOD.OBJ
E:\XENEVA PROJECT\XENEVA\AURORA\ACPICA\X64\DEBUG\DBNAMES.OBJ
E:\XENEVA PROJECT\XENEVA\AURORA\ACPICA\X64\DEBUG\DBSTATS.OBJ
E:\XENEVA PROJECT\XENEVA\AURORA\ACPICA\X64\DEBUG\DBTEST.OBJ
E:\XENEVA PROJECT\XENEVA\AURORA\ACPICA\X64\DEBUG\DBUTILS.OBJ
E:\XENEVA PROJECT\XENEVA\AURORA\ACPICA\X64\DEBUG\DBXFACE.OBJ
E:\XENEVA PROJECT\XENEVA\AURORA\ACPICA\X64\DEBUG\DMBUFFER.OBJ
E:\XENEVA PROJECT\XENEVA\AURORA\ACPICA\X64\DEBUG\DMCSTYLE.OBJ
E:\XENEVA PROJECT\XENEVA\AURORA\ACPICA\X64\DEBUG\DMDEFERRED.OBJ
E:\XENEVA PROJECT\XENEVA\AURORA\ACPICA\X64\DEBUG\ADWALK.OBJ
E:\XENEVA PROJECT\XENEVA\AURORA\ACPICA\X64\DEBUG\AHIDS.OBJ
E:\XENEVA PROJECT\XENEVA\AURORA\ACPICA\X64\DEBUG\AHPREDEF.OBJ
E:\XENEVA PROJECT\XENEVA\AURORA\ACPICA\X64\DEBUG\AHTABLE.OBJ
E:\XENEVA PROJECT\XENEVA\AURORA\ACPICA\X64\DEBUG\AHUUIDS.OBJ
E:\XENEVA PROJECT\XENEVA\AURORA\ACPICA\X64\DEBUG\VC110.PDB
E:\Xeneva Project\Xeneva\Aurora\acpica\x64\Debug\adwalk.obj
E:\Xeneva Project\Xeneva\Aurora\acpica\x64\Debug\ahids.obj
E:\Xeneva Project\Xeneva\Aurora\acpica\x64\Debug\ahpredef.obj
E:\Xeneva Project\Xeneva\Aurora\acpica\x64\Debug\ahtable.obj
E:\Xeneva Project\Xeneva\Aurora\acpica\x64\Debug\ahuuids.obj
E:\Xeneva Project\Xeneva\Aurora\acpica\x64\Debug\dbcmds.obj
E:\Xeneva Project\Xeneva\Aurora\acpica\x64\Debug\dbconvert.obj
E:\Xeneva Project\Xeneva\Aurora\acpica\x64\Debug\dbdisply.obj
E:\Xeneva Project\Xeneva\Aurora\acpica\x64\Debug\dbexec.obj
E:\Xeneva Project\Xeneva\Aurora\acpica\x64\Debug\dbfileio.obj
E:\Xeneva Project\Xeneva\Aurora\acpica\x64\Debug\dbhistry.obj
E:\Xeneva Project\Xeneva\Aurora\acpica\x64\Debug\dbinput.obj
E:\Xeneva Project\Xeneva\Aurora\acpica\x64\Debug\dbmethod.obj
E:\Xeneva Project\Xeneva\Aurora\acpica\x64\Debug\dbnames.obj
E:\Xeneva Project\Xeneva\Aurora\acpica\x64\Debug\dbstats.obj
E:\Xeneva Project\Xeneva\Aurora\acpica\x64\Debug\dbtest.obj
E:\Xeneva Project\Xeneva\Aurora\acpica\x64\Debug\dbutils.obj
E:\Xeneva Project\Xeneva\Aurora\acpica\x64\Debug\dbxface.obj
E:\Xeneva Project\Xeneva\Aurora\acpica\x64\Debug\dmbuffer.obj
E:\Xeneva Project\Xeneva\Aurora\acpica\x64\Debug\dmcstyle.obj
E:\Xeneva Project\Xeneva\Aurora\acpica\x64\Debug\dmdeferred.obj
E:\Xeneva Project\Xeneva\Aurora\acpica\x64\Debug\dmnames.obj
E:\Xeneva Project\Xeneva\Aurora\acpica\x64\Debug\dmobject.obj
E:\Xeneva Project\Xeneva\Aurora\acpica\x64\Debug\dmopcode.obj
E:\Xeneva Project\Xeneva\Aurora\acpica\x64\Debug\dmresrc.obj
E:\Xeneva Project\Xeneva\Aurora\acpica\x64\Debug\dmresrcl.obj
E:\Xeneva Project\Xeneva\Aurora\acpica\x64\Debug\dmresrcl2.obj
E:\Xeneva Project\Xeneva\Aurora\acpica\x64\Debug\dmresrcs.obj
E:\Xeneva Project\Xeneva\Aurora\acpica\x64\Debug\dmtbdump.obj
E:\Xeneva Project\Xeneva\Aurora\acpica\x64\Debug\dmtbinfo.obj
E:\Xeneva Project\Xeneva\Aurora\acpica\x64\Debug\dmutils.obj
E:\Xeneva Project\Xeneva\Aurora\acpica\x64\Debug\dmwalk.obj
E:\Xeneva Project\Xeneva\Aurora\acpica\x64\Debug\dsargc.obj
E:\Xeneva Project\Xeneva\Aurora\acpica\x64\Debug\dscontrol.obj
E:\Xeneva Project\Xeneva\Aurora\acpica\x64\Debug\dsfield.obj
E:\Xeneva Project\Xeneva\Aurora\acpica\x64\Debug\dsinit.obj
E:\Xeneva Project\Xeneva\Aurora\acpica\x64\Debug\dsmethod.obj
E:\Xeneva Project\Xeneva\Aurora\acpica\x64\Debug\dsmthdat.obj
E:\Xeneva Project\Xeneva\Aurora\acpica\x64\Debug\dsobject.obj
E:\Xeneva Project\Xeneva\Aurora\acpica\x64\Debug\dsopcode.obj
E:\Xeneva Project\Xeneva\Aurora\acpica\x64\Debug\dsutils.obj
E:\Xeneva Project\Xeneva\Aurora\acpica\x64\Debug\dswexec.obj
E:\Xeneva Project\Xeneva\Aurora\acpica\x64\Debug\dswload.obj
E:\Xeneva Project\Xeneva\Aurora\acpica\x64\Debug\dswload2.obj
E:\Xeneva Project\Xeneva\Aurora\acpica\x64\Debug\dswscope.obj
E:\Xeneva Project\Xeneva\Aurora\acpica\x64\Debug\dswstate.obj
E:\Xeneva Project\Xeneva\Aurora\acpica\x64\Debug\evevent.obj
E:\Xeneva Project\Xeneva\Aurora\acpica\x64\Debug\evglock.obj
E:\Xeneva Project\Xeneva\Aurora\acpica\x64\Debug\evgpe.obj
E:\Xeneva Project\Xeneva\Aurora\acpica\x64\Debug\evgpeblk.obj
E:\Xeneva Project\Xeneva\Aurora\acpica\x64\Debug\evgpeinit.obj
E:\Xeneva Project\Xeneva\Aurora\acpica\x64\Debug\evgpeutil.obj
E:\Xeneva Project\Xeneva\Aurora\acpica\x64\Debug\evhandler.obj
E:\Xeneva Project\Xeneva\Aurora\acpica\x64\Debug\evmisc.obj
E:\Xeneva Project\Xeneva\Aurora\acpica\x64\Debug\evregion.obj
E:\Xeneva Project\Xeneva\Aurora\acpica\x64\Debug\evrgnini.obj
E:\Xeneva Project\Xeneva\Aurora\acpica\x64\Debug\evsci.obj
E:\Xeneva Project\Xeneva\Aurora\acpica\x64\Debug\evxface.obj
E:\Xeneva Project\Xeneva\Aurora\acpica\x64\Debug\evxfevnt.obj
E:\Xeneva Project\Xeneva\Aurora\acpica\x64\Debug\evxfgpe.obj
E:\Xeneva Project\Xeneva\Aurora\acpica\x64\Debug\evxfregn.obj
E:\Xeneva Project\Xeneva\Aurora\acpica\x64\Debug\exconfig.obj
E:\Xeneva Project\Xeneva\Aurora\acpica\x64\Debug\exconvrt.obj
E:\Xeneva Project\Xeneva\Aurora\acpica\x64\Debug\excreate.obj
E:\Xeneva Project\Xeneva\Aurora\acpica\x64\Debug\exdebug.obj
E:\Xeneva Project\Xeneva\Aurora\acpica\x64\Debug\exdump.obj
E:\Xeneva Project\Xeneva\Aurora\acpica\x64\Debug\exfield.obj
E:\Xeneva Project\Xeneva\Aurora\acpica\x64\Debug\exfldio.obj
E:\Xeneva Project\Xeneva\Aurora\acpica\x64\Debug\exmisc.obj
E:\Xeneva Project\Xeneva\Aurora\acpica\x64\Debug\exmutex.obj
E:\Xeneva Project\Xeneva\Aurora\acpica\x64\Debug\exnames.obj
E:\Xeneva Project\Xeneva\Aurora\acpica\x64\Debug\exoparg1.obj
E:\Xeneva Project\Xeneva\Aurora\acpica\x64\Debug\exoparg2.obj
E:\Xeneva Project\Xeneva\Aurora\acpica\x64\Debug\exoparg3.obj
E:\Xeneva Project\Xeneva\Aurora\acpica\x64\Debug\exoparg6.obj
E:\Xeneva Project\Xeneva\Aurora\acpica\x64\Debug\exprep.obj
E:\Xeneva Project\Xeneva\Aurora\acpica\x64\Debug\exregion.obj
E:\Xeneva Project\Xeneva\Aurora\acpica\x64\Debug\exresnte.obj
E:\Xeneva Project\Xeneva\Aurora\acpica\x64\Debug\exresolv.obj
E:\Xeneva Project\Xeneva\Aurora\acpica\x64\Debug\exresop.obj
E:\Xeneva Project\Xeneva\Aurora\acpica\x64\Debug\exstore.obj
E:\Xeneva Project\Xeneva\Aurora\acpica\x64\Debug\exstoren.obj
E:\Xeneva Project\Xeneva\Aurora\acpica\x64\Debug\exstorob.obj
E:\Xeneva Project\Xeneva\Aurora\acpica\x64\Debug\exsystem.obj
E:\Xeneva Project\Xeneva\Aurora\acpica\x64\Debug\exutils.obj
E:\Xeneva Project\Xeneva\Aurora\acpica\x64\Debug\getopt.obj
E:\Xeneva Project\Xeneva\Aurora\acpica\x64\Debug\hwacpi.obj
E:\Xeneva Project\Xeneva\Aurora\acpica\x64\Debug\hwesleep.obj
E:\Xeneva Project\Xeneva\Aurora\acpica\x64\Debug\hwgpe.obj
E:\Xeneva Project\Xeneva\Aurora\acpica\x64\Debug\hwpci.obj
E:\Xeneva Project\Xeneva\Aurora\acpica\x64\Debug\hwregs.obj
E:\Xeneva Project\Xeneva\Aurora\acpica\x64\Debug\hwsleep.obj
E:\Xeneva Project\Xeneva\Aurora\acpica\x64\Debug\hwtimer.obj
E:\Xeneva Project\Xeneva\Aurora\acpica\x64\Debug\hwvalid.obj
E:\Xeneva Project\Xeneva\Aurora\acpica\x64\Debug\hwxface.obj
E:\Xeneva Project\Xeneva\Aurora\acpica\x64\Debug\hwxfsleep.obj
E:\Xeneva Project\Xeneva\Aurora\acpica\x64\Debug\nsaccess.obj
E:\Xeneva Project\Xeneva\Aurora\acpica\x64\Debug\nsalloc.obj
E:\Xeneva Project\Xeneva\Aurora\acpica\x64\Debug\nsarguments.obj
E:\Xeneva Project\Xeneva\Aurora\acpica\x64\Debug\nsconvert.obj
E:\Xeneva Project\Xeneva\Aurora\acpica\x64\Debug\nsdump.obj
E:\Xeneva Project\Xeneva\Aurora\acpica\x64\Debug\nseval.obj
E:\Xeneva Project\Xeneva\Aurora\acpica\x64\Debug\nsinit.obj
E:\Xeneva Project\Xeneva\Aurora\acpica\x64\Debug\nsload.obj
E:\Xeneva Project\Xeneva\Aurora\acpica\x64\Debug\nsnames.obj
E:\Xeneva Project\Xeneva\Aurora\acpica\x64\Debug\nsobject.obj
E:\Xeneva Project\Xeneva\Aurora\acpica\x64\Debug\nsparse.obj
E:\Xeneva Project\Xeneva\Aurora\acpica\x64\Debug\nspredef.obj
E:\Xeneva Project\Xeneva\Aurora\acpica\x64\Debug\nsprepkg.obj
E:\Xeneva Project\Xeneva\Aurora\acpica\x64\Debug\nsrepair.obj
E:\Xeneva Project\Xeneva\Aurora\acpica\x64\Debug\nsrepair2.obj
E:\Xeneva Project\Xeneva\Aurora\acpica\x64\Debug\nssearch.obj
E:\Xeneva Project\Xeneva\Aurora\acpica\x64\Debug\nsutils.obj
E:\Xeneva Project\Xeneva\Aurora\acpica\x64\Debug\nswalk.obj
E:\Xeneva Project\Xeneva\Aurora\acpica\x64\Debug\nsxfeval.obj
E:\Xeneva Project\Xeneva\Aurora\acpica\x64\Debug\nsxfname.obj
E:\Xeneva Project\Xeneva\Aurora\acpica\x64\Debug\nsxfobj.obj
E:\Xeneva Project\Xeneva\Aurora\acpica\x64\Debug\psargs.obj
E:\Xeneva Project\Xeneva\Aurora\acpica\x64\Debug\psloop.obj
E:\Xeneva Project\Xeneva\Aurora\acpica\x64\Debug\psobject.obj
E:\Xeneva Project\Xeneva\Aurora\acpica\x64\Debug\psopcode.obj
E:\Xeneva Project\Xeneva\Aurora\acpica\x64\Debug\psopinfo.obj
E:\Xeneva Project\Xeneva\Aurora\acpica\x64\Debug\psparse.obj
E:\Xeneva Project\Xeneva\Aurora\acpica\x64\Debug\psscope.obj
E:\Xeneva Project\Xeneva\Aurora\acpica\x64\Debug\pstree.obj
E:\Xeneva Project\Xeneva\Aurora\acpica\x64\Debug\psutils.obj
E:\Xeneva Project\Xeneva\Aurora\acpica\x64\Debug\pswalk.obj
E:\Xeneva Project\Xeneva\Aurora\acpica\x64\Debug\psxface.obj
E:\Xeneva Project\Xeneva\Aurora\acpica\x64\Debug\rsaddr.obj
E:\Xeneva Project\Xeneva\Aurora\acpica\x64\Debug\rscalc.obj
E:\Xeneva Project\Xeneva\Aurora\acpica\x64\Debug\rscreate.obj
E:\Xeneva Project\Xeneva\Aurora\acpica\x64\Debug\rsdump.obj
E:\Xeneva Project\Xeneva\Aurora\acpica\x64\Debug\rsdumpinfo.obj
E:\Xeneva Project\Xeneva\Aurora\acpica\x64\Debug\rsinfo.obj
E:\Xeneva Project\Xeneva\Aurora\acpica\x64\Debug\rsio.obj
E:\Xeneva Project\Xeneva\Aurora\acpica\x64\Debug\rsirq.obj
E:\Xeneva Project\Xeneva\Aurora\acpica\x64\Debug\rslist.obj
E:\Xeneva Project\Xeneva\Aurora\acpica\x64\Debug\rsmemory.obj
E:\Xeneva Project\Xeneva\Aurora\acpica\x64\Debug\rsmisc.obj
E:\Xeneva Project\Xeneva\Aurora\acpica\x64\Debug\rsserial.obj
E:\Xeneva Project\Xeneva\Aurora\acpica\x64\Debug\rsutils.obj
E:\Xeneva Project\Xeneva\Aurora\acpica\x64\Debug\rsxface.obj
E:\Xeneva Project\Xeneva\Aurora\acpica\x64\Debug\tbdata.obj
E:\Xeneva Project\Xeneva\Aurora\acpica\x64\Debug\tbfadt.obj
E:\Xeneva Project\Xeneva\Aurora\acpica\x64\Debug\tbfind.obj
E:\Xeneva Project\Xeneva\Aurora\acpica\x64\Debug\tbinstal.obj
E:\Xeneva Project\Xeneva\Aurora\acpica\x64\Debug\tbprint.obj
E:\Xeneva Project\Xeneva\Aurora\acpica\x64\Debug\tbutils.obj
E:\Xeneva Project\Xeneva\Aurora\acpica\x64\Debug\tbxface.obj
E:\Xeneva Project\Xeneva\Aurora\acpica\x64\Debug\tbxfload.obj
E:\Xeneva Project\Xeneva\Aurora\acpica\x64\Debug\tbxfroot.obj
E:\Xeneva Project\Xeneva\Aurora\acpica\x64\Debug\utaddress.obj
E:\Xeneva Project\Xeneva\Aurora\acpica\x64\Debug\utalloc.obj
E:\Xeneva Project\Xeneva\Aurora\acpica\x64\Debug\utbuffer.obj
E:\Xeneva Project\Xeneva\Aurora\acpica\x64\Debug\utcache.obj
E:\Xeneva Project\Xeneva\Aurora\acpica\x64\Debug\utclib.obj
E:\Xeneva Project\Xeneva\Aurora\acpica\x64\Debug\utcopy.obj
E:\Xeneva Project\Xeneva\Aurora\acpica\x64\Debug\utdebug.obj
E:\Xeneva Project\Xeneva\Aurora\acpica\x64\Debug\utdecode.obj
E:\Xeneva Project\Xeneva\Aurora\acpica\x64\Debug\utdelete.obj
E:\Xeneva Project\Xeneva\Aurora\acpica\x64\Debug\uterror.obj
E:\Xeneva Project\Xeneva\Aurora\acpica\x64\Debug\uteval.obj
E:\Xeneva Project\Xeneva\Aurora\acpica\x64\Debug\utexcep.obj
E:\Xeneva Project\Xeneva\Aurora\acpica\x64\Debug\utglobal.obj
E:\Xeneva Project\Xeneva\Aurora\acpica\x64\Debug\uthex.obj
E:\Xeneva Project\Xeneva\Aurora\acpica\x64\Debug\utids.obj
E:\Xeneva Project\Xeneva\Aurora\acpica\x64\Debug\utinit.obj
E:\Xeneva Project\Xeneva\Aurora\acpica\x64\Debug\utlock.obj
E:\Xeneva Project\Xeneva\Aurora\acpica\x64\Debug\utmath.obj
E:\Xeneva Project\Xeneva\Aurora\acpica\x64\Debug\utmisc.obj
E:\Xeneva Project\Xeneva\Aurora\acpica\x64\Debug\utmutex.obj
E:\Xeneva Project\Xeneva\Aurora\acpica\x64\Debug\utobject.obj
E:\Xeneva Project\Xeneva\Aurora\acpica\x64\Debug\utosi.obj
E:\Xeneva Project\Xeneva\Aurora\acpica\x64\Debug\utownerid.obj
E:\Xeneva Project\Xeneva\Aurora\acpica\x64\Debug\utpredef.obj
E:\Xeneva Project\Xeneva\Aurora\acpica\x64\Debug\utprint.obj
E:\Xeneva Project\Xeneva\Aurora\acpica\x64\Debug\utresrc.obj
E:\Xeneva Project\Xeneva\Aurora\acpica\x64\Debug\utstate.obj
E:\Xeneva Project\Xeneva\Aurora\acpica\x64\Debug\utstring.obj
E:\Xeneva Project\Xeneva\Aurora\acpica\x64\Debug\utuuid.obj
E:\Xeneva Project\Xeneva\Aurora\acpica\x64\Debug\utxface.obj
E:\Xeneva Project\Xeneva\Aurora\acpica\x64\Debug\utxferror.obj
E:\Xeneva Project\Xeneva\Aurora\acpica\x64\Debug\utxfinit.obj
E:\Xeneva Project\Xeneva\Aurora\acpica\x64\Debug\utxfmutex.obj
E:\Xeneva Project\Xeneva\Aurora\acpica\x64\Debug\cl.command.1.tlog
E:\Xeneva Project\Xeneva\Aurora\acpica\x64\Debug\CL.read.1.tlog
E:\Xeneva Project\Xeneva\Aurora\acpica\x64\Debug\CL.write.1.tlog
E:\Xeneva Project\Xeneva\Aurora\acpica\x64\Debug\vc110.idb
E:\Xeneva Project\Xeneva\Aurora\acpica\x64\Debug\vc110.pdb
