Build started 01-11-2022 ৰাতিপু 8:14:12.
     1>Project "E:\Xeneva Project\Xeneva\Apps\XEDock\XEDock.vcxproj" on node 2 (Rebuild target(s)).
     1>ClCompile:
         C:\Program Files (x86)\Microsoft Visual Studio 11.0\VC\bin\x86_amd64\CL.exe /c /I"E:\Xeneva Project\Xeneva\xnlib\xnclib" /I"E:\Xeneva Project\Xeneva\xnlib\xnacrylic\include" /I"E:\Xeneva Project\Xeneva\Libraries\XeWidgets\includes" /Zi /nologo /W3 /WX- /sdl- /Od /D ARCH_X64 /D _MBCS /X /Gm /GS- /arch:SSE2 /fp:precise /Zc:wchar_t /Zc:forScope /GR- /Fo"x64\Debug\\" /Fd"x64\Debug\vc110.pdb" /Gd /TP /errorReport:prompt main.cpp
     1>cl : Command line warning D9025: overriding '/sdl-' with '/GS-'
     1>cl : Command line warning D9002: ignoring unknown option '/arch:SSE2'
         main.cpp
     1>main.cpp(77): warning C4018: '<' : signed/unsigned mismatch
     1>main.cpp(110): warning C4018: '<' : signed/unsigned mismatch
     1>main.cpp(111): warning C4018: '<' : signed/unsigned mismatch
     1>main.cpp(124): warning C4018: '<' : signed/unsigned mismatch
     1>main.cpp(125): warning C4018: '<' : signed/unsigned mismatch
     1>C:\Program Files (x86)\MSBuild\Microsoft.Cpp\v4.0\V110\Microsoft.CppBuild.targets(1137,5): warning MSB8012: TargetPath(E:\Xeneva Project\Xeneva\Aurora\x64\Debug\XEDock.exe) does not match the Linker's OutputFile property value (F:\xedock.exe). This may cause your project to build incorrectly. To correct this, please make sure that $(OutDir), $(TargetName) and $(TargetExt) property values match the value specified in %(Link.OutputFile).
       Link:
         C:\Program Files (x86)\Microsoft Visual Studio 11.0\VC\bin\x86_amd64\link.exe /ERRORREPORT:PROMPT /OUT:"F:\xedock.exe" /INCREMENTAL /NOLOGO /LIBPATH:"E:\Xeneva Project\Xeneva\xnlib\lib64" /LIBPATH:"E:\Xeneva Project\Xeneva\Aurora\x64\Debug" xnclib.lib xncrt.lib xnacrylic.lib XeWidgets.lib /MANIFEST:NO /PDB:"E:\Xeneva Project\Xeneva\Aurora\x64\Debug\XEDock.pdb" /MAP /MAPINFO:EXPORTS /SUBSYSTEM:NATIVE /LARGEADDRESSAWARE /Driver /OPT:NOREF /LTCG /TLBID:1 /ENTRY:"_start" /BASE:"0x0000000000600000" /FIXED:NO /IMPLIB:"E:\Xeneva Project\Xeneva\Aurora\x64\Debug\XEDock.lib" /MACHINE:X64 /ALIGN:512 x64\Debug\main.obj
     1>LINK : warning LNK4075: ignoring '/INCREMENTAL' due to '/LTCG' specification
            Creating library E:\Xeneva Project\Xeneva\Aurora\x64\Debug\XEDock.lib and object E:\Xeneva Project\Xeneva\Aurora\x64\Debug\XEDock.exp
         LINK : /LTCG specified but no code generation required; remove /LTCG from the link command line to improve linker performance
         XEDock.vcxproj -> E:\Xeneva Project\Xeneva\Aurora\x64\Debug\XEDock.exe
     1>Done Building Project "E:\Xeneva Project\Xeneva\Apps\XEDock\XEDock.vcxproj" (Rebuild target(s)).

Build succeeded.

Time Elapsed 00:00:01.62
