E:\XENEVA PROJECT\XENEVA\APPS\XEDOCK\X64\DEBUG\MAIN.OBJ
E:\XENEVA PROJECT\XENEVA\APPS\XEDOCK\X64\DEBUG\XEDESKTOP.OBJ
E:\XENEVA PROJECT\XENEVA\APPS\XEDOCK\X64\DEBUG\XEGOBUTTON.OBJ
E:\XENEVA PROJECT\XENEVA\APPS\XEDOCK\X64\DEBUG\VC110.PDB
F:\XEDOCK.EXE
F:\XEDOCK.MAP
E:\Xeneva Project\Xeneva\Aurora\x64\Debug\XEDock.lib
E:\Xeneva Project\Xeneva\Aurora\x64\Debug\XEDock.exp
E:\Xeneva Project\Xeneva\Apps\XEDock\x64\Debug\main.obj
E:\Xeneva Project\Xeneva\Apps\XEDock\x64\Debug\XEDesktop.obj
E:\Xeneva Project\Xeneva\Apps\XEDock\x64\Debug\XEGoButton.obj
E:\Xeneva Project\Xeneva\Apps\XEDock\x64\Debug\cl.command.1.tlog
E:\Xeneva Project\Xeneva\Apps\XEDock\x64\Debug\CL.read.1.tlog
E:\Xeneva Project\Xeneva\Apps\XEDock\x64\Debug\CL.write.1.tlog
E:\Xeneva Project\Xeneva\Apps\XEDock\x64\Debug\link.command.1.tlog
E:\Xeneva Project\Xeneva\Apps\XEDock\x64\Debug\link.read.1.tlog
E:\Xeneva Project\Xeneva\Apps\XEDock\x64\Debug\link.write.1.tlog
E:\Xeneva Project\Xeneva\Apps\XEDock\x64\Debug\XEDock.write.1.tlog
E:\Xeneva Project\Xeneva\Apps\XEDock\x64\Debug\vc110.idb
E:\Xeneva Project\Xeneva\Apps\XEDock\x64\Debug\vc110.pdb
