E:\XENEVA PROJECT\XENEVA\XNLIB\XNACRYLIC\X64\DEBUG\ACRYLIC.OBJ
E:\XENEVA PROJECT\XENEVA\XNLIB\XNACRYLIC\X64\DEBUG\CANVAS.OBJ
E:\XENEVA PROJECT\XENEVA\XNLIB\XNACRYLIC\X64\DEBUG\CLIENTCTX.OBJ
E:\XENEVA PROJECT\XENEVA\XNLIB\XNACRYLIC\X64\DEBUG\COLOR.OBJ
E:\XENEVA PROJECT\XENEVA\XNLIB\XNACRYLIC\X64\DEBUG\IMAGE.OBJ
E:\XENEVA PROJECT\XENEVA\XNLIB\XNACRYLIC\X64\DEBUG\PSF.OBJ
E:\XENEVA PROJECT\XENEVA\XNLIB\XNACRYLIC\X64\DEBUG\TTF.OBJ
E:\XENEVA PROJECT\XENEVA\XNLIB\XNACRYLIC\X64\DEBUG\VC110.PDB
E:\XENEVA PROJECT\XENEVA\XNLIB\LIB64\XNACRYLIC.LIB
E:\Xeneva Project\Xeneva\xnlib\xnacrylic\x64\Debug\acrylic.obj
E:\Xeneva Project\Xeneva\xnlib\xnacrylic\x64\Debug\canvas.obj
E:\Xeneva Project\Xeneva\xnlib\xnacrylic\x64\Debug\clientctx.obj
E:\Xeneva Project\Xeneva\xnlib\xnacrylic\x64\Debug\color.obj
E:\Xeneva Project\Xeneva\xnlib\xnacrylic\x64\Debug\image.obj
E:\Xeneva Project\Xeneva\xnlib\xnacrylic\x64\Debug\psf.obj
E:\Xeneva Project\Xeneva\xnlib\xnacrylic\x64\Debug\ttf.obj
E:\Xeneva Project\Xeneva\xnlib\xnacrylic\x64\Debug\cl.command.1.tlog
E:\Xeneva Project\Xeneva\xnlib\xnacrylic\x64\Debug\CL.read.1.tlog
E:\Xeneva Project\Xeneva\xnlib\xnacrylic\x64\Debug\CL.write.1.tlog
E:\Xeneva Project\Xeneva\xnlib\xnacrylic\x64\Debug\Lib-link.read.1.tlog
E:\Xeneva Project\Xeneva\xnlib\xnacrylic\x64\Debug\Lib-link.write.1.tlog
E:\Xeneva Project\Xeneva\xnlib\xnacrylic\x64\Debug\lib.command.1.tlog
E:\Xeneva Project\Xeneva\xnlib\xnacrylic\x64\Debug\vc110.idb
E:\Xeneva Project\Xeneva\xnlib\xnacrylic\x64\Debug\vc110.pdb
