e:\xeneva project\xeneva\xnlib\xnclib\x64\debug\ios.obj
e:\xeneva project\xeneva\xnlib\xnclib\x64\debug\iostream.obj
e:\xeneva project\xeneva\xnlib\xnclib\x64\debug\istream.obj
e:\xeneva project\xeneva\xnlib\xnclib\x64\debug\memory.obj
e:\xeneva project\xeneva\xnlib\xnclib\x64\debug\ostream.obj
e:\xeneva project\xeneva\xnlib\xnclib\x64\debug\_string.obj
e:\xeneva project\xeneva\xnlib\xnclib\x64\debug\heap.obj
e:\xeneva project\xeneva\xnlib\xnclib\x64\debug\initializer.obj
e:\xeneva project\xeneva\xnlib\xnclib\x64\debug\math.obj
e:\xeneva project\xeneva\xnlib\xnclib\x64\debug\stdio.obj
e:\xeneva project\xeneva\xnlib\xnclib\x64\debug\string.obj
e:\xeneva project\xeneva\xnlib\xnclib\x64\debug\stdlib.obj
e:\xeneva project\xeneva\xnlib\xnclib\x64\debug\vc110.pdb
e:\xeneva project\xeneva\xnlib\lib64\xnclib.lib
e:\xeneva project\xeneva\xnlib\xnclib\x64\debug\callback.obj
e:\xeneva project\xeneva\xnlib\xnclib\x64\debug\_fast_copy.obj
e:\xeneva project\xeneva\xnlib\xnclib\x64\debug\crt0.obj
e:\xeneva project\xeneva\xnlib\xnclib\x64\debug\cl.command.1.tlog
e:\xeneva project\xeneva\xnlib\xnclib\x64\debug\cl.read.1.tlog
e:\xeneva project\xeneva\xnlib\xnclib\x64\debug\cl.write.1.tlog
e:\xeneva project\xeneva\xnlib\xnclib\x64\debug\lib-link.read.1.tlog
e:\xeneva project\xeneva\xnlib\xnclib\x64\debug\lib-link.write.1.tlog
e:\xeneva project\xeneva\xnlib\xnclib\x64\debug\lib.command.1.tlog
e:\xeneva project\xeneva\xnlib\xnclib\x64\debug\xnclib.write.1.tlog
e:\xeneva project\xeneva\xnlib\xnclib\x64\debug\vc110.idb
