E:\XENEVA PROJECT\XENEVA\DRIVERS\HDA\X64\DEBUG\CODEC.OBJ
E:\XENEVA PROJECT\XENEVA\DRIVERS\HDA\X64\DEBUG\HDA.OBJ
E:\XENEVA PROJECT\XENEVA\DRIVERS\HDA\X64\DEBUG\STREAM.OBJ
E:\XENEVA PROJECT\XENEVA\DRIVERS\HDA\X64\DEBUG\WIDGET.OBJ
E:\XENEVA PROJECT\XENEVA\DRIVERS\HDA\X64\DEBUG\VC110.PDB
E:\Xeneva Project\Xeneva\Drivers\hda\x64\Debug\hda.lib
E:\Xeneva Project\Xeneva\Drivers\hda\x64\Debug\hda.exp
F:\HDA.DLL
F:\HDA.MAP
E:\Xeneva Project\Xeneva\Drivers\hda\x64\Debug\codec.obj
E:\Xeneva Project\Xeneva\Drivers\hda\x64\Debug\hda.obj
E:\Xeneva Project\Xeneva\Drivers\hda\x64\Debug\stream.obj
E:\Xeneva Project\Xeneva\Drivers\hda\x64\Debug\widget.obj
E:\Xeneva Project\Xeneva\Drivers\hda\x64\Debug\cl.command.1.tlog
E:\Xeneva Project\Xeneva\Drivers\hda\x64\Debug\CL.read.1.tlog
E:\Xeneva Project\Xeneva\Drivers\hda\x64\Debug\CL.write.1.tlog
E:\Xeneva Project\Xeneva\Drivers\hda\x64\Debug\hda.write.1.tlog
E:\Xeneva Project\Xeneva\Drivers\hda\x64\Debug\link.command.1.tlog
E:\Xeneva Project\Xeneva\Drivers\hda\x64\Debug\link.read.1.tlog
E:\Xeneva Project\Xeneva\Drivers\hda\x64\Debug\link.write.1.tlog
E:\Xeneva Project\Xeneva\Drivers\hda\x64\Debug\vc110.idb
E:\Xeneva Project\Xeneva\Drivers\hda\x64\Debug\vc110.pdb
