Build started 19-07-2022 ৰাতিপু 2:25:06.
     1>Project "E:\Xeneva Project\Xeneva\Drivers\hda\hda.vcxproj" on node 2 (Rebuild target(s)).
     1>ClCompile:
         C:\Program Files (x86)\Microsoft Visual Studio 11.0\VC\bin\x86_amd64\CL.exe /c /I"E:\Xeneva Project\Xeneva\Aurora\include" /Zi /nologo /W3 /WX- /Od /Oy /D ARCH_X64 /D USE_APIC /D _WINDLL /D _MBCS /X /Gm /GS- /arch:SSE /fp:precise /Zc:wchar_t /Zc:forScope /GR- /Fo"x64\Debug\\" /Fd"x64\Debug\vc110.pdb" /Gd /TP /errorReport:prompt codec.cpp codecs\sigmatel.cpp hda.cpp stream.cpp widget.cpp
     1>cl : Command line warning D9002: ignoring unknown option '/arch:SSE'
         widget.cpp
     1>widget.cpp(83): warning C4018: '<' : signed/unsigned mismatch
     1>widget.cpp(101): warning C4800: 'uint32_t' : forcing value to bool 'true' or 'false' (performance warning)
     1>widget.cpp(105): warning C4800: 'uint32_t' : forcing value to bool 'true' or 'false' (performance warning)
     1>widget.cpp(78): warning C4101: 'conn_val' : unreferenced local variable
     1>widget.cpp(77): warning C4101: 'i' : unreferenced local variable
     1>widget.cpp(161): warning C4018: '<' : signed/unsigned mismatch
     1>widget.cpp(179): warning C4800: 'uint32_t' : forcing value to bool 'true' or 'false' (performance warning)
     1>widget.cpp(184): warning C4800: 'uint32_t' : forcing value to bool 'true' or 'false' (performance warning)
     1>widget.cpp(156): warning C4101: 'conn_val' : unreferenced local variable
     1>widget.cpp(155): warning C4101: 'i' : unreferenced local variable
         stream.cpp
     1>stream.cpp(49): warning C4305: 'argument' : truncation from 'int' to 'uint8_t'
     1>stream.cpp(49): warning C4309: 'argument' : truncation of constant value
     1>stream.cpp(78): warning C4305: 'argument' : truncation from 'int' to 'uint8_t'
     1>stream.cpp(78): warning C4309: 'argument' : truncation of constant value
     1>stream.cpp(79): warning C4305: 'argument' : truncation from 'int' to 'uint8_t'
     1>stream.cpp(79): warning C4309: 'argument' : truncation of constant value
     1>stream.cpp(84): warning C4244: 'argument' : conversion from 'uint64_t' to 'uint32_t', possible loss of data
     1>stream.cpp(101): warning C4305: 'argument' : truncation from 'int' to 'uint8_t'
     1>stream.cpp(101): warning C4309: 'argument' : truncation of constant value
     1>stream.cpp(104): warning C4244: 'argument' : conversion from 'uint64_t' to 'uint32_t', possible loss of data
     1>stream.cpp(162): warning C4244: 'argument' : conversion from 'uint64_t' to 'uint32_t', possible loss of data
     1>stream.cpp(181): warning C4244: 'argument' : conversion from 'uint64_t' to 'uint32_t', possible loss of data
         hda.cpp
     1>E:\Xeneva Project\Xeneva\Aurora\include\ctype.h(33): warning C4005: 'isascii' : macro redefinition
                 E:\Xeneva Project\Xeneva\Aurora\include\ctype.h(22) : see previous definition of 'isascii'
     1>E:\Xeneva Project\Xeneva\Aurora\include\stdarg.h(48): warning C4005: 'va_start' : macro redefinition
                 E:\Xeneva Project\Xeneva\Aurora\include\va_list.h(37) : see previous definition of 'va_start'
     1>E:\Xeneva Project\Xeneva\Aurora\include\stdarg.h(54): warning C4005: 'va_arg' : macro redefinition
                 E:\Xeneva Project\Xeneva\Aurora\include\va_list.h(42) : see previous definition of 'va_arg'
     1>hda.cpp(138): warning C4244: 'argument' : conversion from 'uint64_t' to 'uint32_t', possible loss of data
     1>hda.cpp(180): warning C4244: 'argument' : conversion from 'uint64_t' to 'uint32_t', possible loss of data
     1>hda.cpp(379): warning C4244: '=' : conversion from 'uint64_t' to 'uint8_t', possible loss of data
     1>hda.cpp(391): warning C4244: 'argument' : conversion from 'uint64_t' to 'uint32_t', possible loss of data
     1>hda.cpp(398): warning C4554: '&' : check operator precedence for possible error; use parentheses to clarify precedence
     1>hda.cpp(523): warning C4101: 'codec' : unreferenced local variable
         sigmatel.cpp
         codec.cpp
     1>codec.cpp(225): warning C4258: 'i' : definition from the for loop is ignored; the definition from the enclosing scope is used
                 codec.cpp(223) : definition of 'i' ignored
                 codec.cpp(177) : definition of 'i' used
     1>codec.cpp(229): warning C4258: 'i' : definition from the for loop is ignored; the definition from the enclosing scope is used
                 codec.cpp(226) : definition of 'i' ignored
                 codec.cpp(177) : definition of 'i' used
     1>codec.cpp(232): warning C4258: 'i' : definition from the for loop is ignored; the definition from the enclosing scope is used
                 codec.cpp(226) : definition of 'i' ignored
                 codec.cpp(177) : definition of 'i' used
     1>codec.cpp(177): warning C4101: 'j' : unreferenced local variable
         Generating Code...
     1>C:\Program Files (x86)\MSBuild\Microsoft.Cpp\v4.0\V110\Microsoft.CppBuild.targets(1137,5): warning MSB8012: TargetPath(E:\Xeneva Project\Xeneva\Drivers\hda\x64\Debug\hda.dll) does not match the Linker's OutputFile property value (F:\hda.dll). This may cause your project to build incorrectly. To correct this, please make sure that $(OutDir), $(TargetName) and $(TargetExt) property values match the value specified in %(Link.OutputFile).
       Link:
         C:\Program Files (x86)\Microsoft Visual Studio 11.0\VC\bin\x86_amd64\link.exe /ERRORREPORT:PROMPT /OUT:"F:\hda.dll" /INCREMENTAL /NOLOGO /LIBPATH:"E:\Xeneva Project\Xeneva\Aurora\x64\Debug" Aurora.lib /NODEFAULTLIB /MANIFEST:NO /PDB:"E:\Xeneva Project\Xeneva\Drivers\hda\x64\Debug\hda.pdb" /MAP /MAPINFO:EXPORTS /SUBSYSTEM:NATIVE /STACK:"0x100000" /LARGEADDRESSAWARE /Driver /OPT:NOREF /LTCG /TLBID:1 /BASE:"0xFFFFC00000400000" /FIXED:NO /IMPLIB:"E:\Xeneva Project\Xeneva\Drivers\hda\x64\Debug\hda.lib" /MACHINE:X64 /ALIGN:512 /DLL x64\Debug\codec.obj
         x64\Debug\sigmatel.obj
         x64\Debug\hda.obj
         x64\Debug\stream.obj
         x64\Debug\widget.obj
     1>LINK : warning LNK4075: ignoring '/INCREMENTAL' due to '/LTCG' specification
            Creating library E:\Xeneva Project\Xeneva\Drivers\hda\x64\Debug\hda.lib and object E:\Xeneva Project\Xeneva\Drivers\hda\x64\Debug\hda.exp
         LINK : /LTCG specified but no code generation required; remove /LTCG from the link command line to improve linker performance
         hda.vcxproj -> E:\Xeneva Project\Xeneva\Drivers\hda\x64\Debug\hda.dll
     1>Done Building Project "E:\Xeneva Project\Xeneva\Drivers\hda\hda.vcxproj" (Rebuild target(s)).

Build succeeded.

Time Elapsed 00:00:02.41
