Build started 12-10-2021 আবেলি 9:04:10.
     1>Project "E:\Xeneva Project\Xeneva\AuTaskbar\AuTaskbar.vcxproj" on node 2 (Rebuild target(s)).
     1>ClCompile:
         C:\Program Files (x86)\Microsoft Visual Studio 11.0\VC\bin\x86_amd64\CL.exe /c /I"E:\Xeneva Project\Xeneva\xnlib\xnclib" /I"E:\Xeneva Project\Xeneva\xnlib\xnacrylic\include" /I"E:\Xeneva Project\Xeneva\xnlib\QuWidgets\include" /Zi /nologo /W3 /WX- /Od /D _ARCH_X64 /D _MBCS /X /Gm /GS- /arch:SSE /fp:precise /Zc:wchar_t /Zc:forScope /GR- /Fo"x64\Debug\\" /Fd"x64\Debug\vc110.pdb" /Gd /TP /errorReport:prompt main.cpp taskbar.cpp
     1>cl : Command line warning D9002: ignoring unknown option '/arch:SSE'
         taskbar.cpp
     1>taskbar.cpp(30): warning C4267: 'argument' : conversion from 'size_t' to 'unsigned int', possible loss of data
     1>taskbar.cpp(52): warning C4267: 'argument' : conversion from 'size_t' to 'unsigned int', possible loss of data
     1>taskbar.cpp(57): warning C4267: 'argument' : conversion from 'size_t' to 'unsigned int', possible loss of data
     1>taskbar.cpp(62): warning C4267: 'argument' : conversion from 'size_t' to 'unsigned int', possible loss of data
         main.cpp
     1>main.cpp(79): warning C4101: 'qmsg' : unreferenced local variable
         Generating Code...
     1>C:\Program Files (x86)\MSBuild\Microsoft.Cpp\v4.0\V110\Microsoft.CppBuild.targets(1137,5): warning MSB8012: TargetPath(E:\Xeneva Project\Xeneva\Aurora\x64\Debug\AuTask.exe) does not match the Linker's OutputFile property value (D:\autask.exe). This may cause your project to build incorrectly. To correct this, please make sure that $(OutDir), $(TargetName) and $(TargetExt) property values match the value specified in %(Link.OutputFile).
       Link:
         C:\Program Files (x86)\Microsoft Visual Studio 11.0\VC\bin\x86_amd64\link.exe /ERRORREPORT:PROMPT /OUT:"D:\autask.exe" /INCREMENTAL /NOLOGO /LIBPATH:"E:\Xeneva Project\Xeneva\xnlib\lib64" xnclib.lib xnacrylic.lib QuWidgets.lib /NODEFAULTLIB /MANIFEST:NO /PDB:"E:\Xeneva Project\Xeneva\Aurora\x64\Debug\AuTask.pdb" /MAP /MAPINFO:EXPORTS /SUBSYSTEM:NATIVE /STACK:"0x100000" /LARGEADDRESSAWARE /Driver /OPT:NOREF /LTCG /TLBID:1 /ENTRY:"_start" /BASE:"0x0000400000000000" /FIXED:NO /IMPLIB:"E:\Xeneva Project\Xeneva\Aurora\x64\Debug\AuTask.lib" /MACHINE:X64 /ALIGN:512 x64\Debug\main.obj
         x64\Debug\taskbar.obj
     1>LINK : warning LNK4075: ignoring '/INCREMENTAL' due to '/LTCG' specification
         LINK : /LTCG specified but no code generation required; remove /LTCG from the link command line to improve linker performance
         AuTaskbar.vcxproj -> E:\Xeneva Project\Xeneva\Aurora\x64\Debug\AuTask.exe
     1>Done Building Project "E:\Xeneva Project\Xeneva\AuTaskbar\AuTaskbar.vcxproj" (Rebuild target(s)).

Build succeeded.

Time Elapsed 00:00:01.39
