E:\XENEVA PROJECT\XENEVA\XNLIB\LIBXENEVA\X64\DEBUG\DRAWER.OBJ
E:\XENEVA PROJECT\XENEVA\XNLIB\LIBXENEVA\X64\DEBUG\FONT.OBJ
E:\XENEVA PROJECT\XENEVA\XNLIB\LIBXENEVA\X64\DEBUG\LIST.OBJ
E:\XENEVA PROJECT\XENEVA\XNLIB\LIBXENEVA\X64\DEBUG\MM.OBJ
E:\XENEVA PROJECT\XENEVA\XNLIB\LIBXENEVA\X64\DEBUG\STDLIB.OBJ
E:\XENEVA PROJECT\XENEVA\XNLIB\LIBXENEVA\X64\DEBUG\STRING.OBJ
E:\XENEVA PROJECT\XENEVA\XNLIB\LIBXENEVA\X64\DEBUG\XNSYS.OBJ
E:\XENEVA PROJECT\XENEVA\XNLIB\LIBXENEVA\X64\DEBUG\XNBUTTON.OBJ
E:\XENEVA PROJECT\XENEVA\XNLIB\LIBXENEVA\X64\DEBUG\XNLABEL.OBJ
E:\XENEVA PROJECT\XENEVA\XNLIB\LIBXENEVA\X64\DEBUG\XNMENU.OBJ
E:\XENEVA PROJECT\XENEVA\XNLIB\LIBXENEVA\X64\DEBUG\XNMENUBAR.OBJ
E:\XENEVA PROJECT\XENEVA\XNLIB\LIBXENEVA\X64\DEBUG\XNVIEW.OBJ
E:\XENEVA PROJECT\XENEVA\XNLIB\LIBXENEVA\X64\DEBUG\XNWINDOW.OBJ
E:\XENEVA PROJECT\XENEVA\XNLIB\LIBXENEVA\X64\DEBUG\VC110.PDB
E:\XENEVA PROJECT\XENEVA\XNLIB\LIB64\LIBXENEVA.LIB
E:\Xeneva Project\Xeneva\xnlib\libxeneva\x64\Debug\callback.obj
E:\Xeneva Project\Xeneva\xnlib\libxeneva\x64\Debug\_fast_cpy.obj
E:\Xeneva Project\Xeneva\xnlib\libxeneva\x64\Debug\drawer.obj
E:\Xeneva Project\Xeneva\xnlib\libxeneva\x64\Debug\font.obj
E:\Xeneva Project\Xeneva\xnlib\libxeneva\x64\Debug\list.obj
E:\Xeneva Project\Xeneva\xnlib\libxeneva\x64\Debug\mm.obj
E:\Xeneva Project\Xeneva\xnlib\libxeneva\x64\Debug\stdlib.obj
E:\Xeneva Project\Xeneva\xnlib\libxeneva\x64\Debug\string.obj
E:\Xeneva Project\Xeneva\xnlib\libxeneva\x64\Debug\xnbutton.obj
E:\Xeneva Project\Xeneva\xnlib\libxeneva\x64\Debug\xnlabel.obj
E:\Xeneva Project\Xeneva\xnlib\libxeneva\x64\Debug\xnmenu.obj
E:\Xeneva Project\Xeneva\xnlib\libxeneva\x64\Debug\xnmenubar.obj
E:\Xeneva Project\Xeneva\xnlib\libxeneva\x64\Debug\xnsys.obj
E:\Xeneva Project\Xeneva\xnlib\libxeneva\x64\Debug\xnview.obj
E:\Xeneva Project\Xeneva\xnlib\libxeneva\x64\Debug\xnwindow.obj
E:\Xeneva Project\Xeneva\xnlib\libxeneva\x64\Debug\cl.command.1.tlog
E:\Xeneva Project\Xeneva\xnlib\libxeneva\x64\Debug\CL.read.1.tlog
E:\Xeneva Project\Xeneva\xnlib\libxeneva\x64\Debug\CL.write.1.tlog
E:\Xeneva Project\Xeneva\xnlib\libxeneva\x64\Debug\Lib-link.read.1.tlog
E:\Xeneva Project\Xeneva\xnlib\libxeneva\x64\Debug\Lib-link.write.1.tlog
E:\Xeneva Project\Xeneva\xnlib\libxeneva\x64\Debug\lib.command.1.tlog
E:\Xeneva Project\Xeneva\xnlib\libxeneva\x64\Debug\libxeneva.write.1.tlog
E:\Xeneva Project\Xeneva\xnlib\libxeneva\x64\Debug\vc110.idb
E:\Xeneva Project\Xeneva\xnlib\libxeneva\x64\Debug\vc110.pdb
