E:\Xeneva Project\Xeneva\Aurora\Aurora\x64\Debug\interrupts.obj
E:\Xeneva Project\Xeneva\Aurora\Aurora\x64\Debug\switch.obj
E:\Xeneva Project\Xeneva\Aurora\Aurora\x64\Debug\user.obj
E:\Xeneva Project\Xeneva\Aurora\Aurora\x64\Debug\_low_level.obj
E:\Xeneva Project\Xeneva\Aurora\Aurora\x64\Debug\backdoor_stuff.obj
E:\Xeneva Project\Xeneva\Aurora\Aurora\x64\Debug\_fast_cpy.obj
E:\XENEVA PROJECT\XENEVA\AURORA\AURORA\X64\DEBUG\SERIAL.OBJ
E:\XENEVA PROJECT\XENEVA\AURORA\AURORA\X64\DEBUG\SERIAL.ASM
E:\XENEVA PROJECT\XENEVA\AURORA\AURORA\X64\DEBUG\SOUND.OBJ
E:\XENEVA PROJECT\XENEVA\AURORA\AURORA\X64\DEBUG\SOUND.ASM
E:\XENEVA PROJECT\XENEVA\AURORA\AURORA\X64\DEBUG\STDIO.OBJ
E:\XENEVA PROJECT\XENEVA\AURORA\AURORA\X64\DEBUG\STDIO.ASM
E:\XENEVA PROJECT\XENEVA\AURORA\AURORA\X64\DEBUG\STREAM.OBJ
E:\XENEVA PROJECT\XENEVA\AURORA\AURORA\X64\DEBUG\STREAM.ASM
E:\XENEVA PROJECT\XENEVA\AURORA\AURORA\X64\DEBUG\STRING.OBJ
E:\XENEVA PROJECT\XENEVA\AURORA\AURORA\X64\DEBUG\STRING.ASM
E:\XENEVA PROJECT\XENEVA\AURORA\AURORA\X64\DEBUG\IOQUERY.OBJ
E:\XENEVA PROJECT\XENEVA\AURORA\AURORA\X64\DEBUG\IOQUERY.ASM
E:\XENEVA PROJECT\XENEVA\AURORA\AURORA\X64\DEBUG\SYSFB.OBJ
E:\XENEVA PROJECT\XENEVA\AURORA\AURORA\X64\DEBUG\SYSFB.ASM
E:\XENEVA PROJECT\XENEVA\AURORA\AURORA\X64\DEBUG\SYSFILE.OBJ
E:\XENEVA PROJECT\XENEVA\AURORA\AURORA\X64\DEBUG\SYSFILE.ASM
E:\XENEVA PROJECT\XENEVA\AURORA\AURORA\X64\DEBUG\SYSMEM.OBJ
E:\XENEVA PROJECT\XENEVA\AURORA\AURORA\X64\DEBUG\SYSMEM.ASM
E:\XENEVA PROJECT\XENEVA\AURORA\AURORA\X64\DEBUG\SYSMOUSE.OBJ
E:\XENEVA PROJECT\XENEVA\AURORA\AURORA\X64\DEBUG\SYSMOUSE.ASM
E:\XENEVA PROJECT\XENEVA\AURORA\AURORA\X64\DEBUG\SYSPROC.OBJ
E:\XENEVA PROJECT\XENEVA\AURORA\AURORA\X64\DEBUG\SYSPROC.ASM
E:\XENEVA PROJECT\XENEVA\AURORA\AURORA\X64\DEBUG\SYSTHREAD.OBJ
E:\XENEVA PROJECT\XENEVA\AURORA\AURORA\X64\DEBUG\SYSTHREAD.ASM
E:\XENEVA PROJECT\XENEVA\AURORA\AURORA\X64\DEBUG\SYSTIME.OBJ
E:\XENEVA PROJECT\XENEVA\AURORA\AURORA\X64\DEBUG\SYSTIME.ASM
E:\XENEVA PROJECT\XENEVA\AURORA\AURORA\X64\DEBUG\SYSWAIT.OBJ
E:\XENEVA PROJECT\XENEVA\AURORA\AURORA\X64\DEBUG\SYSWAIT.ASM
E:\XENEVA PROJECT\XENEVA\AURORA\AURORA\X64\DEBUG\VALLOC.OBJ
E:\XENEVA PROJECT\XENEVA\AURORA\AURORA\X64\DEBUG\VALLOC.ASM
E:\XENEVA PROJECT\XENEVA\AURORA\AURORA\X64\DEBUG\TIMER.OBJ
E:\XENEVA PROJECT\XENEVA\AURORA\AURORA\X64\DEBUG\TIMER.ASM
E:\XENEVA PROJECT\XENEVA\AURORA\AURORA\X64\DEBUG\CIRC_BUF.OBJ
E:\XENEVA PROJECT\XENEVA\AURORA\AURORA\X64\DEBUG\CIRC_BUF.ASM
E:\XENEVA PROJECT\XENEVA\AURORA\AURORA\X64\DEBUG\LNKLIST.OBJ
E:\XENEVA PROJECT\XENEVA\AURORA\AURORA\X64\DEBUG\LNKLIST.ASM
E:\XENEVA PROJECT\XENEVA\AURORA\AURORA\X64\DEBUG\PIPE.OBJ
E:\XENEVA PROJECT\XENEVA\AURORA\AURORA\X64\DEBUG\PIPE.ASM
E:\XENEVA PROJECT\XENEVA\AURORA\AURORA\X64\DEBUG\RING.OBJ
E:\XENEVA PROJECT\XENEVA\AURORA\AURORA\X64\DEBUG\RING.ASM
E:\XENEVA PROJECT\XENEVA\AURORA\AURORA\X64\DEBUG\FAT32.OBJ
E:\XENEVA PROJECT\XENEVA\AURORA\AURORA\X64\DEBUG\FAT32.ASM
E:\XENEVA PROJECT\XENEVA\AURORA\AURORA\X64\DEBUG\GPT.OBJ
E:\XENEVA PROJECT\XENEVA\AURORA\AURORA\X64\DEBUG\GPT.ASM
E:\XENEVA PROJECT\XENEVA\AURORA\AURORA\X64\DEBUG\TTYPE.OBJ
E:\XENEVA PROJECT\XENEVA\AURORA\AURORA\X64\DEBUG\TTYPE.ASM
E:\XENEVA PROJECT\XENEVA\AURORA\AURORA\X64\DEBUG\VFS.OBJ
E:\XENEVA PROJECT\XENEVA\AURORA\AURORA\X64\DEBUG\VFS.ASM
E:\XENEVA PROJECT\XENEVA\AURORA\AURORA\X64\DEBUG\HAL.OBJ
E:\XENEVA PROJECT\XENEVA\AURORA\AURORA\X64\DEBUG\HAL.ASM
E:\XENEVA PROJECT\XENEVA\AURORA\AURORA\X64\DEBUG\HWCURSOR.OBJ
E:\XENEVA PROJECT\XENEVA\AURORA\AURORA\X64\DEBUG\HWCURSOR.ASM
E:\XENEVA PROJECT\XENEVA\AURORA\AURORA\X64\DEBUG\INIT.OBJ
E:\XENEVA PROJECT\XENEVA\AURORA\AURORA\X64\DEBUG\INIT.ASM
E:\XENEVA PROJECT\XENEVA\AURORA\AURORA\X64\DEBUG\DWM_IPC.OBJ
E:\XENEVA PROJECT\XENEVA\AURORA\AURORA\X64\DEBUG\DWM_IPC.ASM
E:\XENEVA PROJECT\XENEVA\AURORA\AURORA\X64\DEBUG\MESSAGE.OBJ
E:\XENEVA PROJECT\XENEVA\AURORA\AURORA\X64\DEBUG\MESSAGE.ASM
E:\XENEVA PROJECT\XENEVA\AURORA\AURORA\X64\DEBUG\POSTBOX.OBJ
E:\XENEVA PROJECT\XENEVA\AURORA\AURORA\X64\DEBUG\POSTBOX.ASM
E:\XENEVA PROJECT\XENEVA\AURORA\AURORA\X64\DEBUG\MM.OBJ
E:\XENEVA PROJECT\XENEVA\AURORA\AURORA\X64\DEBUG\MM.ASM
E:\XENEVA PROJECT\XENEVA\AURORA\AURORA\X64\DEBUG\ARP.OBJ
E:\XENEVA PROJECT\XENEVA\AURORA\AURORA\X64\DEBUG\ARP.ASM
E:\XENEVA PROJECT\XENEVA\AURORA\AURORA\X64\DEBUG\ETHERNET.OBJ
E:\XENEVA PROJECT\XENEVA\AURORA\AURORA\X64\DEBUG\ETHERNET.ASM
E:\XENEVA PROJECT\XENEVA\AURORA\AURORA\X64\DEBUG\NETHW.OBJ
E:\XENEVA PROJECT\XENEVA\AURORA\AURORA\X64\DEBUG\NETHW.ASM
E:\XENEVA PROJECT\XENEVA\AURORA\AURORA\X64\DEBUG\UDP.OBJ
E:\XENEVA PROJECT\XENEVA\AURORA\AURORA\X64\DEBUG\UDP.ASM
E:\XENEVA PROJECT\XENEVA\AURORA\AURORA\X64\DEBUG\PE.OBJ
E:\XENEVA PROJECT\XENEVA\AURORA\AURORA\X64\DEBUG\PE.ASM
E:\XENEVA PROJECT\XENEVA\AURORA\AURORA\X64\DEBUG\PMMNGR.OBJ
E:\XENEVA PROJECT\XENEVA\AURORA\AURORA\X64\DEBUG\PMMNGR.ASM
E:\XENEVA PROJECT\XENEVA\AURORA\AURORA\X64\DEBUG\PROC.OBJ
E:\XENEVA PROJECT\XENEVA\AURORA\AURORA\X64\DEBUG\PROC.ASM
E:\XENEVA PROJECT\XENEVA\AURORA\AURORA\X64\DEBUG\PROCMNGR.OBJ
E:\XENEVA PROJECT\XENEVA\AURORA\AURORA\X64\DEBUG\PROCMNGR.ASM
E:\XENEVA PROJECT\XENEVA\AURORA\AURORA\X64\DEBUG\SCREEN.OBJ
E:\XENEVA PROJECT\XENEVA\AURORA\AURORA\X64\DEBUG\SCREEN.ASM
E:\XENEVA PROJECT\XENEVA\AURORA\AURORA\X64\DEBUG\AC97.OBJ
E:\XENEVA PROJECT\XENEVA\AURORA\AURORA\X64\DEBUG\AC97.ASM
E:\XENEVA PROJECT\XENEVA\AURORA\AURORA\X64\DEBUG\ACPI.OBJ
E:\XENEVA PROJECT\XENEVA\AURORA\AURORA\X64\DEBUG\ACPI.ASM
E:\XENEVA PROJECT\XENEVA\AURORA\AURORA\X64\DEBUG\XENEVAOSI.OBJ
E:\XENEVA PROJECT\XENEVA\AURORA\AURORA\X64\DEBUG\XENEVAOSI.ASM
E:\XENEVA PROJECT\XENEVA\AURORA\AURORA\X64\DEBUG\ATA.OBJ
E:\XENEVA PROJECT\XENEVA\AURORA\AURORA\X64\DEBUG\ATA.ASM
E:\XENEVA PROJECT\XENEVA\AURORA\AURORA\X64\DEBUG\HDA.OBJ
E:\XENEVA PROJECT\XENEVA\AURORA\AURORA\X64\DEBUG\HDA.ASM
E:\XENEVA PROJECT\XENEVA\AURORA\AURORA\X64\DEBUG\KYBRD.OBJ
E:\XENEVA PROJECT\XENEVA\AURORA\AURORA\X64\DEBUG\KYBRD.ASM
E:\XENEVA PROJECT\XENEVA\AURORA\AURORA\X64\DEBUG\MOUSE.OBJ
E:\XENEVA PROJECT\XENEVA\AURORA\AURORA\X64\DEBUG\MOUSE.ASM
E:\XENEVA PROJECT\XENEVA\AURORA\AURORA\X64\DEBUG\AMD_AM79C973.OBJ
E:\XENEVA PROJECT\XENEVA\AURORA\AURORA\X64\DEBUG\AMD_AM79C973.ASM
E:\XENEVA PROJECT\XENEVA\AURORA\AURORA\X64\DEBUG\E1000.OBJ
E:\XENEVA PROJECT\XENEVA\AURORA\AURORA\X64\DEBUG\E1000.ASM
E:\XENEVA PROJECT\XENEVA\AURORA\AURORA\X64\DEBUG\PCI.OBJ
E:\XENEVA PROJECT\XENEVA\AURORA\AURORA\X64\DEBUG\PCI.ASM
E:\XENEVA PROJECT\XENEVA\AURORA\AURORA\X64\DEBUG\RTC.OBJ
E:\XENEVA PROJECT\XENEVA\AURORA\AURORA\X64\DEBUG\RTC.ASM
E:\XENEVA PROJECT\XENEVA\AURORA\AURORA\X64\DEBUG\GMR.OBJ
E:\XENEVA PROJECT\XENEVA\AURORA\AURORA\X64\DEBUG\GMR.ASM
E:\XENEVA PROJECT\XENEVA\AURORA\AURORA\X64\DEBUG\SVGA_SCREEN.OBJ
E:\XENEVA PROJECT\XENEVA\AURORA\AURORA\X64\DEBUG\SVGA_SCREEN.ASM
E:\XENEVA PROJECT\XENEVA\AURORA\AURORA\X64\DEBUG\SVGA_SCREEN_UTIL.OBJ
E:\XENEVA PROJECT\XENEVA\AURORA\AURORA\X64\DEBUG\SVGA_SCREEN_UTIL.ASM
E:\XENEVA PROJECT\XENEVA\AURORA\AURORA\X64\DEBUG\VMSVGA.OBJ
E:\XENEVA PROJECT\XENEVA\AURORA\AURORA\X64\DEBUG\VMSVGA.ASM
E:\XENEVA PROJECT\XENEVA\AURORA\AURORA\X64\DEBUG\VM_BACKDOOR.OBJ
E:\XENEVA PROJECT\XENEVA\AURORA\AURORA\X64\DEBUG\VM_BACKDOOR.ASM
E:\XENEVA PROJECT\XENEVA\AURORA\AURORA\X64\DEBUG\XHCI.OBJ
E:\XENEVA PROJECT\XENEVA\AURORA\AURORA\X64\DEBUG\XHCI.ASM
E:\XENEVA PROJECT\XENEVA\AURORA\AURORA\X64\DEBUG\VBOX.OBJ
E:\XENEVA PROJECT\XENEVA\AURORA\AURORA\X64\DEBUG\VBOX.ASM
E:\XENEVA PROJECT\XENEVA\AURORA\AURORA\X64\DEBUG\DRVMNGR.OBJ
E:\XENEVA PROJECT\XENEVA\AURORA\AURORA\X64\DEBUG\DRVMNGR.ASM
E:\XENEVA PROJECT\XENEVA\AURORA\AURORA\X64\DEBUG\DEVFS.OBJ
E:\XENEVA PROJECT\XENEVA\AURORA\AURORA\X64\DEBUG\DEVFS.ASM
E:\XENEVA PROJECT\XENEVA\AURORA\AURORA\X64\DEBUG\APIC.OBJ
E:\XENEVA PROJECT\XENEVA\AURORA\AURORA\X64\DEBUG\APIC.ASM
E:\XENEVA PROJECT\XENEVA\AURORA\AURORA\X64\DEBUG\BLOCK.OBJ
E:\XENEVA PROJECT\XENEVA\AURORA\AURORA\X64\DEBUG\BLOCK.ASM
E:\XENEVA PROJECT\XENEVA\AURORA\AURORA\X64\DEBUG\CPU.OBJ
E:\XENEVA PROJECT\XENEVA\AURORA\AURORA\X64\DEBUG\CPU.ASM
E:\XENEVA PROJECT\XENEVA\AURORA\AURORA\X64\DEBUG\EXCEPTION.OBJ
E:\XENEVA PROJECT\XENEVA\AURORA\AURORA\X64\DEBUG\EXCEPTION.ASM
E:\XENEVA PROJECT\XENEVA\AURORA\AURORA\X64\DEBUG\IOAPIC.OBJ
E:\XENEVA PROJECT\XENEVA\AURORA\AURORA\X64\DEBUG\IOAPIC.ASM
E:\XENEVA PROJECT\XENEVA\AURORA\AURORA\X64\DEBUG\KHEAP.OBJ
E:\XENEVA PROJECT\XENEVA\AURORA\AURORA\X64\DEBUG\KHEAP.ASM
E:\XENEVA PROJECT\XENEVA\AURORA\AURORA\X64\DEBUG\KSTACK.OBJ
E:\XENEVA PROJECT\XENEVA\AURORA\AURORA\X64\DEBUG\KSTACK.ASM
E:\XENEVA PROJECT\XENEVA\AURORA\AURORA\X64\DEBUG\MAP.OBJ
E:\XENEVA PROJECT\XENEVA\AURORA\AURORA\X64\DEBUG\MAP.ASM
E:\XENEVA PROJECT\XENEVA\AURORA\AURORA\X64\DEBUG\PIC.OBJ
E:\XENEVA PROJECT\XENEVA\AURORA\AURORA\X64\DEBUG\PIC.ASM
E:\XENEVA PROJECT\XENEVA\AURORA\AURORA\X64\DEBUG\SYSTABLE.OBJ
E:\XENEVA PROJECT\XENEVA\AURORA\AURORA\X64\DEBUG\SYSTABLE.ASM
E:\XENEVA PROJECT\XENEVA\AURORA\AURORA\X64\DEBUG\THREAD.OBJ
E:\XENEVA PROJECT\XENEVA\AURORA\AURORA\X64\DEBUG\THREAD.ASM
E:\XENEVA PROJECT\XENEVA\AURORA\AURORA\X64\DEBUG\USER64.OBJ
E:\XENEVA PROJECT\XENEVA\AURORA\AURORA\X64\DEBUG\USER64.ASM
E:\XENEVA PROJECT\XENEVA\AURORA\AURORA\X64\DEBUG\VMMNGR.OBJ
E:\XENEVA PROJECT\XENEVA\AURORA\AURORA\X64\DEBUG\VMMNGR.ASM
E:\XENEVA PROJECT\XENEVA\AURORA\AURORA\X64\DEBUG\MUTEX.OBJ
E:\XENEVA PROJECT\XENEVA\AURORA\AURORA\X64\DEBUG\MUTEX.ASM
E:\XENEVA PROJECT\XENEVA\AURORA\AURORA\X64\DEBUG\CONSOLE.OBJ
E:\XENEVA PROJECT\XENEVA\AURORA\AURORA\X64\DEBUG\CONSOLE.ASM
E:\XENEVA PROJECT\XENEVA\AURORA\AURORA\X64\DEBUG\VC110.PDB
D:\EFI\XENEVA\XNKRNL.EXE
D:\EFI\XENEVA\XNKRNL.MAP
E:\Xeneva Project\Xeneva\Aurora\Aurora\x64\Debug\ac97.obj
E:\Xeneva Project\Xeneva\Aurora\Aurora\x64\Debug\acpi.obj
E:\Xeneva Project\Xeneva\Aurora\Aurora\x64\Debug\amd_am79c973.obj
E:\Xeneva Project\Xeneva\Aurora\Aurora\x64\Debug\apic.obj
E:\Xeneva Project\Xeneva\Aurora\Aurora\x64\Debug\arp.obj
E:\Xeneva Project\Xeneva\Aurora\Aurora\x64\Debug\ata.obj
E:\Xeneva Project\Xeneva\Aurora\Aurora\x64\Debug\block.obj
E:\Xeneva Project\Xeneva\Aurora\Aurora\x64\Debug\circ_buf.obj
E:\Xeneva Project\Xeneva\Aurora\Aurora\x64\Debug\console.obj
E:\Xeneva Project\Xeneva\Aurora\Aurora\x64\Debug\cpu.obj
E:\Xeneva Project\Xeneva\Aurora\Aurora\x64\Debug\devfs.obj
E:\Xeneva Project\Xeneva\Aurora\Aurora\x64\Debug\drvmngr.obj
E:\Xeneva Project\Xeneva\Aurora\Aurora\x64\Debug\dwm_ipc.obj
E:\Xeneva Project\Xeneva\Aurora\Aurora\x64\Debug\e1000.obj
E:\Xeneva Project\Xeneva\Aurora\Aurora\x64\Debug\ethernet.obj
E:\Xeneva Project\Xeneva\Aurora\Aurora\x64\Debug\exception.obj
E:\Xeneva Project\Xeneva\Aurora\Aurora\x64\Debug\fat32.obj
E:\Xeneva Project\Xeneva\Aurora\Aurora\x64\Debug\gmr.obj
E:\Xeneva Project\Xeneva\Aurora\Aurora\x64\Debug\gpt.obj
E:\Xeneva Project\Xeneva\Aurora\Aurora\x64\Debug\hal.obj
E:\Xeneva Project\Xeneva\Aurora\Aurora\x64\Debug\hda.obj
E:\Xeneva Project\Xeneva\Aurora\Aurora\x64\Debug\hwcursor.obj
E:\Xeneva Project\Xeneva\Aurora\Aurora\x64\Debug\init.obj
E:\Xeneva Project\Xeneva\Aurora\Aurora\x64\Debug\ioapic.obj
E:\Xeneva Project\Xeneva\Aurora\Aurora\x64\Debug\ioquery.obj
E:\Xeneva Project\Xeneva\Aurora\Aurora\x64\Debug\kheap.obj
E:\Xeneva Project\Xeneva\Aurora\Aurora\x64\Debug\kstack.obj
E:\Xeneva Project\Xeneva\Aurora\Aurora\x64\Debug\kybrd.obj
E:\Xeneva Project\Xeneva\Aurora\Aurora\x64\Debug\lnklist.obj
E:\Xeneva Project\Xeneva\Aurora\Aurora\x64\Debug\map.obj
E:\Xeneva Project\Xeneva\Aurora\Aurora\x64\Debug\message.obj
E:\Xeneva Project\Xeneva\Aurora\Aurora\x64\Debug\mm.obj
E:\Xeneva Project\Xeneva\Aurora\Aurora\x64\Debug\mouse.obj
E:\Xeneva Project\Xeneva\Aurora\Aurora\x64\Debug\mutex.obj
E:\Xeneva Project\Xeneva\Aurora\Aurora\x64\Debug\nethw.obj
E:\Xeneva Project\Xeneva\Aurora\Aurora\x64\Debug\pci.obj
E:\Xeneva Project\Xeneva\Aurora\Aurora\x64\Debug\pe.obj
E:\Xeneva Project\Xeneva\Aurora\Aurora\x64\Debug\pic.obj
E:\Xeneva Project\Xeneva\Aurora\Aurora\x64\Debug\pipe.obj
E:\Xeneva Project\Xeneva\Aurora\Aurora\x64\Debug\pmmngr.obj
E:\Xeneva Project\Xeneva\Aurora\Aurora\x64\Debug\postbox.obj
E:\Xeneva Project\Xeneva\Aurora\Aurora\x64\Debug\proc.obj
E:\Xeneva Project\Xeneva\Aurora\Aurora\x64\Debug\procmngr.obj
E:\Xeneva Project\Xeneva\Aurora\Aurora\x64\Debug\ring.obj
E:\Xeneva Project\Xeneva\Aurora\Aurora\x64\Debug\rtc.obj
E:\Xeneva Project\Xeneva\Aurora\Aurora\x64\Debug\screen.obj
E:\Xeneva Project\Xeneva\Aurora\Aurora\x64\Debug\serial.obj
E:\Xeneva Project\Xeneva\Aurora\Aurora\x64\Debug\sound.obj
E:\Xeneva Project\Xeneva\Aurora\Aurora\x64\Debug\stdio.obj
E:\Xeneva Project\Xeneva\Aurora\Aurora\x64\Debug\stream.obj
E:\Xeneva Project\Xeneva\Aurora\Aurora\x64\Debug\string.obj
E:\Xeneva Project\Xeneva\Aurora\Aurora\x64\Debug\svga_screen.obj
E:\Xeneva Project\Xeneva\Aurora\Aurora\x64\Debug\svga_screen_util.obj
E:\Xeneva Project\Xeneva\Aurora\Aurora\x64\Debug\sysfb.obj
E:\Xeneva Project\Xeneva\Aurora\Aurora\x64\Debug\sysfile.obj
E:\Xeneva Project\Xeneva\Aurora\Aurora\x64\Debug\sysmem.obj
E:\Xeneva Project\Xeneva\Aurora\Aurora\x64\Debug\sysmouse.obj
E:\Xeneva Project\Xeneva\Aurora\Aurora\x64\Debug\sysproc.obj
E:\Xeneva Project\Xeneva\Aurora\Aurora\x64\Debug\systable.obj
E:\Xeneva Project\Xeneva\Aurora\Aurora\x64\Debug\systhread.obj
E:\Xeneva Project\Xeneva\Aurora\Aurora\x64\Debug\systime.obj
E:\Xeneva Project\Xeneva\Aurora\Aurora\x64\Debug\syswait.obj
E:\Xeneva Project\Xeneva\Aurora\Aurora\x64\Debug\thread.obj
E:\Xeneva Project\Xeneva\Aurora\Aurora\x64\Debug\timer.obj
E:\Xeneva Project\Xeneva\Aurora\Aurora\x64\Debug\ttype.obj
E:\Xeneva Project\Xeneva\Aurora\Aurora\x64\Debug\udp.obj
E:\Xeneva Project\Xeneva\Aurora\Aurora\x64\Debug\user64.obj
E:\Xeneva Project\Xeneva\Aurora\Aurora\x64\Debug\valloc.obj
E:\Xeneva Project\Xeneva\Aurora\Aurora\x64\Debug\vbox.obj
E:\Xeneva Project\Xeneva\Aurora\Aurora\x64\Debug\vfs.obj
E:\Xeneva Project\Xeneva\Aurora\Aurora\x64\Debug\vmmngr.obj
E:\Xeneva Project\Xeneva\Aurora\Aurora\x64\Debug\vmsvga.obj
E:\Xeneva Project\Xeneva\Aurora\Aurora\x64\Debug\vm_backdoor.obj
E:\Xeneva Project\Xeneva\Aurora\Aurora\x64\Debug\xenevaosi.obj
E:\Xeneva Project\Xeneva\Aurora\Aurora\x64\Debug\xhci.obj
E:\Xeneva Project\Xeneva\Aurora\Aurora\x64\Debug\Aurora.write.1.tlog
E:\Xeneva Project\Xeneva\Aurora\Aurora\x64\Debug\cl.command.1.tlog
E:\Xeneva Project\Xeneva\Aurora\Aurora\x64\Debug\CL.read.1.tlog
E:\Xeneva Project\Xeneva\Aurora\Aurora\x64\Debug\CL.read.2.tlog
E:\Xeneva Project\Xeneva\Aurora\Aurora\x64\Debug\CL.read.3.tlog
E:\Xeneva Project\Xeneva\Aurora\Aurora\x64\Debug\CL.read.4.tlog
E:\Xeneva Project\Xeneva\Aurora\Aurora\x64\Debug\CL.read.5.tlog
E:\Xeneva Project\Xeneva\Aurora\Aurora\x64\Debug\CL.write.1.tlog
E:\Xeneva Project\Xeneva\Aurora\Aurora\x64\Debug\link.command.1.tlog
E:\Xeneva Project\Xeneva\Aurora\Aurora\x64\Debug\link.read.1.tlog
E:\Xeneva Project\Xeneva\Aurora\Aurora\x64\Debug\link.write.1.tlog
E:\Xeneva Project\Xeneva\Aurora\Aurora\x64\Debug\vc110.idb
E:\Xeneva Project\Xeneva\Aurora\Aurora\x64\Debug\vc110.pdb
