Build started 31-08-2021 ৰাতিপু 11:24:05.
     1>Project "E:\Xeneva Project\Xeneva\dwm\dwm\dwm.vcxproj" on node 2 (Rebuild target(s)).
     1>_NASM:
         callback.asm
         cmd.exe /C "C:\Users\HP\AppData\Local\Temp\tmpcb24fc70e9be4a1f9734e45a3f51172a.cmd"
         "C:\Program Files (x86)\Microsoft Visual Studio 11.0\VC\"nasm.exe -Xvc -f win64 -o "x64\Debug\callback.obj"  "E:\Xeneva Project\Xeneva\dwm\dwm\callback.asm"
     1>E:\Xeneva Project\Xeneva\dwm\dwm\callback.asm(77): warning : label alone on a line without a colon might be in error
       ClCompile:
         C:\Program Files (x86)\Microsoft Visual Studio 11.0\VC\bin\x86_amd64\CL.exe /c /I"E:\Xeneva Project\Xeneva\dwm\include" /Zi /nologo /W1 /WX- /sdl- /Od /D ARCH_X64 /D _MBCS /X /Gm /GS- /arch:SSE /fp:precise /Zc:wchar_t /Zc:forScope /GR- /Fo"x64\Debug\\" /Fd"x64\Debug\vc110.pdb" /Gd /TP /errorReport:prompt allocator.cpp bufmngr.cpp dwmmsg.cpp gui.cpp imgbmp.cpp imgjpg.cpp imgpng24.cpp imgresize.cpp main.cpp menubar.cpp stack.cpp string.cpp window.cpp winlist.cpp wm.cpp
     1>cl : Command line warning D9025: overriding '/sdl-' with '/GS-'
     1>cl : Command line warning D9002: ignoring unknown option '/arch:SSE'
         wm.cpp
     1>wm.cpp(259): warning C4804: '>' : unsafe use of type 'bool' in operation
         winlist.cpp
         window.cpp
         string.cpp
         stack.cpp
         menubar.cpp
         main.cpp
         imgresize.cpp
         imgpng24.cpp
         imgjpg.cpp
         imgbmp.cpp
         gui.cpp
         dwmmsg.cpp
         bufmngr.cpp
         allocator.cpp
         Generating Code...
     1>C:\Program Files (x86)\MSBuild\Microsoft.Cpp\v4.0\V110\Microsoft.CppBuild.targets(1137,5): warning MSB8012: TargetPath(E:\Xeneva Project\Xeneva\Aurora\x64\Debug\dwm.exe) does not match the Linker's OutputFile property value (F:\dwm.exe). This may cause your project to build incorrectly. To correct this, please make sure that $(OutDir), $(TargetName) and $(TargetExt) property values match the value specified in %(Link.OutputFile).
       Link:
         C:\Program Files (x86)\Microsoft Visual Studio 11.0\VC\bin\x86_amd64\link.exe /ERRORREPORT:PROMPT /OUT:"F:\dwm.exe" /INCREMENTAL /NOLOGO /NODEFAULTLIB /MANIFEST:NO /PDB:"E:\Xeneva Project\Xeneva\Aurora\x64\Debug\dwm.pdb" /MAP /MAPINFO:EXPORTS /SUBSYSTEM:NATIVE /STACK:"0x100000" /LARGEADDRESSAWARE /Driver /OPT:NOREF /LTCG /TLBID:1 /ENTRY:"main" /BASE:"0x0000400000000000" /FIXED:NO /IMPLIB:"E:\Xeneva Project\Xeneva\Aurora\x64\Debug\dwm.lib" /MACHINE:X64 /ALIGN:512 x64\Debug\allocator.obj
         x64\Debug\bufmngr.obj
         x64\Debug\dwmmsg.obj
         x64\Debug\gui.obj
         x64\Debug\imgbmp.obj
         x64\Debug\imgjpg.obj
         x64\Debug\imgpng24.obj
         x64\Debug\imgresize.obj
         x64\Debug\main.obj
         x64\Debug\menubar.obj
         x64\Debug\stack.obj
         x64\Debug\string.obj
         x64\Debug\window.obj
         x64\Debug\winlist.obj
         x64\Debug\wm.obj
         x64\Debug\callback.obj
     1>LINK : warning LNK4075: ignoring '/INCREMENTAL' due to '/LTCG' specification
         LINK : /LTCG specified but no code generation required; remove /LTCG from the link command line to improve linker performance
         dwm.vcxproj -> E:\Xeneva Project\Xeneva\Aurora\x64\Debug\dwm.exe
     1>Done Building Project "E:\Xeneva Project\Xeneva\dwm\dwm\dwm.vcxproj" (Rebuild target(s)).

Build succeeded.

Time Elapsed 00:00:02.16
