E:\XENEVA PROJECT\XENEVA\DWM\DWM\X64\DEBUG\ALLOCATOR.OBJ
E:\XENEVA PROJECT\XENEVA\DWM\DWM\X64\DEBUG\BUFMNGR.OBJ
E:\XENEVA PROJECT\XENEVA\DWM\DWM\X64\DEBUG\DWMMSG.OBJ
E:\XENEVA PROJECT\XENEVA\DWM\DWM\X64\DEBUG\IMGBMP.OBJ
E:\XENEVA PROJECT\XENEVA\DWM\DWM\X64\DEBUG\IMGJPG.OBJ
E:\XENEVA PROJECT\XENEVA\DWM\DWM\X64\DEBUG\IMGPNG24.OBJ
E:\XENEVA PROJECT\XENEVA\DWM\DWM\X64\DEBUG\MAIN.OBJ
E:\XENEVA PROJECT\XENEVA\DWM\DWM\X64\DEBUG\STRING.OBJ
E:\XENEVA PROJECT\XENEVA\DWM\DWM\X64\DEBUG\WINDOW.OBJ
E:\XENEVA PROJECT\XENEVA\DWM\DWM\X64\DEBUG\WINLIST.OBJ
E:\XENEVA PROJECT\XENEVA\DWM\DWM\X64\DEBUG\WM.OBJ
E:\XENEVA PROJECT\XENEVA\DWM\DWM\X64\DEBUG\VC110.PDB
E:\Xeneva Project\Xeneva\dwm\dwm\x64\Debug\callback.obj
F:\DWM.EXE
F:\DWM.MAP
E:\Xeneva Project\Xeneva\dwm\dwm\x64\Debug\allocator.obj
E:\Xeneva Project\Xeneva\dwm\dwm\x64\Debug\bufmngr.obj
E:\Xeneva Project\Xeneva\dwm\dwm\x64\Debug\dwmmsg.obj
E:\Xeneva Project\Xeneva\dwm\dwm\x64\Debug\imgbmp.obj
E:\Xeneva Project\Xeneva\dwm\dwm\x64\Debug\imgjpg.obj
E:\Xeneva Project\Xeneva\dwm\dwm\x64\Debug\imgpng24.obj
E:\Xeneva Project\Xeneva\dwm\dwm\x64\Debug\main.obj
E:\Xeneva Project\Xeneva\dwm\dwm\x64\Debug\string.obj
E:\Xeneva Project\Xeneva\dwm\dwm\x64\Debug\window.obj
E:\Xeneva Project\Xeneva\dwm\dwm\x64\Debug\winlist.obj
E:\Xeneva Project\Xeneva\dwm\dwm\x64\Debug\wm.obj
E:\Xeneva Project\Xeneva\dwm\dwm\x64\Debug\cl.command.1.tlog
E:\Xeneva Project\Xeneva\dwm\dwm\x64\Debug\CL.read.1.tlog
E:\Xeneva Project\Xeneva\dwm\dwm\x64\Debug\CL.write.1.tlog
E:\Xeneva Project\Xeneva\dwm\dwm\x64\Debug\dwm.write.1.tlog
E:\Xeneva Project\Xeneva\dwm\dwm\x64\Debug\link.command.1.tlog
E:\Xeneva Project\Xeneva\dwm\dwm\x64\Debug\link.read.1.tlog
E:\Xeneva Project\Xeneva\dwm\dwm\x64\Debug\link.write.1.tlog
E:\Xeneva Project\Xeneva\dwm\dwm\x64\Debug\vc110.idb
E:\Xeneva Project\Xeneva\dwm\dwm\x64\Debug\vc110.pdb
