Build started 19-09-2021 ৰাতিপু 8:19:10.
     1>Project "E:\Xeneva Project\Xeneva\Aurora\Quince\Quince.vcxproj" on node 2 (Rebuild target(s)).
     1>ClCompile:
         C:\Program Files (x86)\Microsoft Visual Studio 11.0\VC\bin\x86_amd64\CL.exe /c /I"E:\Xeneva Project\Xeneva\xnlib\xnclib" /I"E:\Xeneva Project\Xeneva\xnlib\xnacrylic\include" /I"E:\Xeneva Project\Xeneva\Aurora\Quince\include" /Zi /nologo /W3 /WX- /sdl- /Od /D ARCH_X64 /D HW_CURSOR /D _MBCS /X /Gm /GS- /arch:SSE /fp:precise /Zc:wchar_t /Zc:forScope /GR- /Fo"x64\Debug\\" /Fd"x64\Debug\vc110.pdb" /Gd /TP /errorReport:prompt include\QuEvent.cpp include\QuWindow\QuList.h source\ipc\QuChannel.cpp source\ipc\_ipc_mouse.cpp source\QuCanvas\QuCanvasMngr.cpp source\quince\main.cpp source\quince\QuBmpImage.cpp source\quince\QuCursor.cpp source\QuWidget\QuTaskbar.cpp source\QuWidget\QuWallpaper.cpp source\QuWindow\QuList.cpp source\QuWindow\QuTitleBar.cpp source\QuWindow\QuWindow.cpp source\QuWindow\QuWindowMngr.cpp source\QuWindow\QuWindowStyle.cpp
     1>cl : Command line warning D9025: overriding '/sdl-' with '/GS-'
     1>cl : Command line warning D9002: ignoring unknown option '/arch:SSE'
         QuWindowStyle.cpp
         QuWindowMngr.cpp
     1>source\QuWindow\QuWindowMngr.cpp(42): warning C4018: '<' : signed/unsigned mismatch
     1>source\QuWindow\QuWindowMngr.cpp(51): warning C4018: '<' : signed/unsigned mismatch
     1>source\QuWindow\QuWindowMngr.cpp(71): warning C4018: '<' : signed/unsigned mismatch
     1>source\QuWindow\QuWindowMngr.cpp(143): warning C4018: '<' : signed/unsigned mismatch
         QuWindow.cpp
     1>source\QuWindow\QuWindow.cpp(70): warning C4018: '<' : signed/unsigned mismatch
     1>source\QuWindow\QuWindow.cpp(96): warning C4018: '<' : signed/unsigned mismatch
         QuTitleBar.cpp
     1>source\QuWindow\QuTitleBar.cpp(41): warning C4018: '<' : signed/unsigned mismatch
     1>source\QuWindow\QuTitleBar.cpp(49): warning C4018: '<' : signed/unsigned mismatch
     1>source\QuWindow\QuTitleBar.cpp(70): warning C4267: 'argument' : conversion from 'size_t' to 'unsigned int', possible loss of data
     1>source\QuWindow\QuTitleBar.cpp(71): warning C4267: 'argument' : conversion from 'size_t' to 'unsigned int', possible loss of data
     1>source\QuWindow\QuTitleBar.cpp(74): warning C4018: '<' : signed/unsigned mismatch
         QuList.cpp
         QuWallpaper.cpp
     1>source\QuWidget\QuWallpaper.cpp(32): warning C4018: '<' : signed/unsigned mismatch
     1>source\QuWidget\QuWallpaper.cpp(43): warning C4018: '<' : signed/unsigned mismatch
     1>source\QuWidget\QuWallpaper.cpp(44): warning C4018: '<' : signed/unsigned mismatch
     1>source\QuWidget\QuWallpaper.cpp(60): warning C4018: '<' : signed/unsigned mismatch
     1>source\QuWidget\QuWallpaper.cpp(61): warning C4018: '<' : signed/unsigned mismatch
     1>source\QuWidget\QuWallpaper.cpp(79): warning C4018: '<' : signed/unsigned mismatch
     1>source\QuWidget\QuWallpaper.cpp(80): warning C4018: '<' : signed/unsigned mismatch
         QuTaskbar.cpp
         QuCursor.cpp
         QuBmpImage.cpp
         main.cpp
         QuCanvasMngr.cpp
     1>source\QuCanvas\QuCanvasMngr.cpp(49): warning C4244: '=' : conversion from 'uint16_t' to 'uint8_t', possible loss of data
     1>source\QuCanvas\QuCanvasMngr.cpp(64): warning C4018: '<' : signed/unsigned mismatch
     1>source\QuCanvas\QuCanvasMngr.cpp(65): warning C4018: '<' : signed/unsigned mismatch
     1>source\QuCanvas\QuCanvasMngr.cpp(95): warning C4018: '<' : signed/unsigned mismatch
     1>source\QuCanvas\QuCanvasMngr.cpp(96): warning C4018: '<' : signed/unsigned mismatch
     1>source\QuCanvas\QuCanvasMngr.cpp(106): warning C4018: '<' : signed/unsigned mismatch
         _ipc_mouse.cpp
         QuChannel.cpp
     1>source\ipc\QuChannel.cpp(23): warning C4244: '=' : conversion from 'uint16_t' to 'uint8_t', possible loss of data
     1>source\ipc\QuChannel.cpp(24): warning C4244: '=' : conversion from 'uint16_t' to 'uint8_t', possible loss of data
         QuList.h
         QuEvent.cpp
     1>include\QuEvent.cpp(40): warning C4018: '<' : signed/unsigned mismatch
     1>include\QuEvent.cpp(41): warning C4018: '<' : signed/unsigned mismatch
     1>include\QuEvent.cpp(73): warning C4101: 'qu_msg' : unreferenced local variable
         Generating Code...
     1>e:\xeneva project\xeneva\aurora\quince\source\quwindow\quwindowmngr.cpp(57): warning C4715: 'QuWindowMngrFindByID' : not all control paths return a value
     1>C:\Program Files (x86)\MSBuild\Microsoft.Cpp\v4.0\V110\Microsoft.CppBuild.targets(1137,5): warning MSB8012: TargetPath(E:\Xeneva Project\Xeneva\Aurora\x64\Debug\Quince.exe) does not match the Linker's OutputFile property value (F:\quince.exe). This may cause your project to build incorrectly. To correct this, please make sure that $(OutDir), $(TargetName) and $(TargetExt) property values match the value specified in %(Link.OutputFile).
       Link:
         C:\Program Files (x86)\Microsoft Visual Studio 11.0\VC\bin\x86_amd64\link.exe /ERRORREPORT:PROMPT /OUT:"F:\quince.exe" /INCREMENTAL /NOLOGO /LIBPATH:"E:\Xeneva Project\Xeneva\xnlib\lib64" xnclib.lib xnacrylic.lib /NODEFAULTLIB /MANIFEST:NO /PDB:"E:\Xeneva Project\Xeneva\Aurora\x64\Debug\Quince.pdb" /MAP /MAPINFO:EXPORTS /SUBSYSTEM:NATIVE /STACK:"0x100000" /LARGEADDRESSAWARE /Driver /OPT:NOREF /LTCG /TLBID:1 /ENTRY:"_start" /BASE:"0x0000400000000000" /FIXED:NO /IMPLIB:"E:\Xeneva Project\Xeneva\Aurora\x64\Debug\Quince.lib" /MACHINE:X64 /ALIGN:512 x64\Debug\QuEvent.obj
         x64\Debug\QuList.obj
         x64\Debug\QuChannel.obj
         x64\Debug\_ipc_mouse.obj
         x64\Debug\QuCanvasMngr.obj
         x64\Debug\main.obj
         x64\Debug\QuBmpImage.obj
         x64\Debug\QuCursor.obj
         x64\Debug\QuTaskbar.obj
         x64\Debug\QuWallpaper.obj
         x64\Debug\QuList.obj
         x64\Debug\QuTitleBar.obj
         x64\Debug\QuWindow.obj
         x64\Debug\QuWindowMngr.obj
         x64\Debug\QuWindowStyle.obj
     1>LINK : warning LNK4075: ignoring '/INCREMENTAL' due to '/LTCG' specification
     1>x64\Debug\QuList.obj : warning LNK4042: object specified more than once; extras ignored
         LINK : /LTCG specified but no code generation required; remove /LTCG from the link command line to improve linker performance
         Quince.vcxproj -> E:\Xeneva Project\Xeneva\Aurora\x64\Debug\Quince.exe
     1>Done Building Project "E:\Xeneva Project\Xeneva\Aurora\Quince\Quince.vcxproj" (Rebuild target(s)).

Build succeeded.

Time Elapsed 00:00:04.60
