E:\XENEVA PROJECT\XENEVA\AURORA\QUINCE\X64\DEBUG\QUEVENT.OBJ
E:\XENEVA PROJECT\XENEVA\AURORA\QUINCE\X64\DEBUG\QUCHANNEL.OBJ
E:\XENEVA PROJECT\XENEVA\AURORA\QUINCE\X64\DEBUG\_IPC_MOUSE.OBJ
E:\XENEVA PROJECT\XENEVA\AURORA\QUINCE\X64\DEBUG\QUCANVASMNGR.OBJ
E:\XENEVA PROJECT\XENEVA\AURORA\QUINCE\X64\DEBUG\QUSCREENRECTLIST.OBJ
E:\XENEVA PROJECT\XENEVA\AURORA\QUINCE\X64\DEBUG\QUSCREENSTACK.OBJ
E:\XENEVA PROJECT\XENEVA\AURORA\QUINCE\X64\DEBUG\MAIN.OBJ
E:\XENEVA PROJECT\XENEVA\AURORA\QUINCE\X64\DEBUG\QUBMPIMAGE.OBJ
E:\XENEVA PROJECT\XENEVA\AURORA\QUINCE\X64\DEBUG\QUCURSOR.OBJ
E:\XENEVA PROJECT\XENEVA\AURORA\QUINCE\X64\DEBUG\QUDOCK.OBJ
E:\XENEVA PROJECT\XENEVA\AURORA\QUINCE\X64\DEBUG\QUWALLPAPER.OBJ
E:\XENEVA PROJECT\XENEVA\AURORA\QUINCE\X64\DEBUG\QUWINDOW.OBJ
E:\XENEVA PROJECT\XENEVA\AURORA\QUINCE\X64\DEBUG\QUWINDOWMNGR.OBJ
E:\XENEVA PROJECT\XENEVA\AURORA\QUINCE\X64\DEBUG\VC110.PDB
D:\QUINCE.EXE
D:\QUINCE.MAP
E:\Xeneva Project\Xeneva\Aurora\x64\Debug\Quince.lib
E:\Xeneva Project\Xeneva\Aurora\x64\Debug\Quince.exp
E:\Xeneva Project\Xeneva\Aurora\Quince\x64\Debug\main.obj
E:\Xeneva Project\Xeneva\Aurora\Quince\x64\Debug\QuBmpImage.obj
E:\Xeneva Project\Xeneva\Aurora\Quince\x64\Debug\QuCanvasMngr.obj
E:\Xeneva Project\Xeneva\Aurora\Quince\x64\Debug\QuChannel.obj
E:\Xeneva Project\Xeneva\Aurora\Quince\x64\Debug\QuCursor.obj
E:\Xeneva Project\Xeneva\Aurora\Quince\x64\Debug\QuDock.obj
E:\Xeneva Project\Xeneva\Aurora\Quince\x64\Debug\QuEvent.obj
E:\Xeneva Project\Xeneva\Aurora\Quince\x64\Debug\QuScreenRectList.obj
E:\Xeneva Project\Xeneva\Aurora\Quince\x64\Debug\QuScreenStack.obj
E:\Xeneva Project\Xeneva\Aurora\Quince\x64\Debug\QuWallpaper.obj
E:\Xeneva Project\Xeneva\Aurora\Quince\x64\Debug\QuWindow.obj
E:\Xeneva Project\Xeneva\Aurora\Quince\x64\Debug\QuWindowMngr.obj
E:\Xeneva Project\Xeneva\Aurora\Quince\x64\Debug\_ipc_mouse.obj
E:\Xeneva Project\Xeneva\Aurora\Quince\x64\Debug\cl.command.1.tlog
E:\Xeneva Project\Xeneva\Aurora\Quince\x64\Debug\CL.read.1.tlog
E:\Xeneva Project\Xeneva\Aurora\Quince\x64\Debug\CL.write.1.tlog
E:\Xeneva Project\Xeneva\Aurora\Quince\x64\Debug\link.command.1.tlog
E:\Xeneva Project\Xeneva\Aurora\Quince\x64\Debug\link.read.1.tlog
E:\Xeneva Project\Xeneva\Aurora\Quince\x64\Debug\link.write.1.tlog
E:\Xeneva Project\Xeneva\Aurora\Quince\x64\Debug\Quince.write.1.tlog
E:\Xeneva Project\Xeneva\Aurora\Quince\x64\Debug\vc110.idb
E:\Xeneva Project\Xeneva\Aurora\Quince\x64\Debug\vc110.pdb
